Analysis & Synthesis report for rwRAM
Sat Apr 30 23:49:47 2022
Quartus Prime Version 17.1.0 Build 590 10/25/2017 SJ Lite Edition


---------------------
; Table of Contents ;
---------------------
  1. Legal Notice
  2. Analysis & Synthesis Summary
  3. Analysis & Synthesis Settings
  4. Parallel Compilation
  5. Analysis & Synthesis Source Files Read
  6. Analysis & Synthesis Resource Usage Summary
  7. Analysis & Synthesis Resource Utilization by Entity
  8. User-Specified and Inferred Latches
  9. Registers Removed During Synthesis
 10. General Register Statistics
 11. Multiplexer Restructuring Statistics (Restructuring Performed)
 12. Post-Synthesis Netlist Statistics for Top Partition
 13. Elapsed Time Per Partition
 14. Analysis & Synthesis Messages



----------------
; Legal Notice ;
----------------
Copyright (C) 2017  Intel Corporation. All rights reserved.
Your use of Intel Corporation's design tools, logic functions 
and other software and tools, and its AMPP partner logic 
functions, and any output files from any of the foregoing 
(including device programming or simulation files), and any 
associated documentation or information are expressly subject 
to the terms and conditions of the Intel Program License 
Subscription Agreement, the Intel Quartus Prime License Agreement,
the Intel FPGA IP License Agreement, or other applicable license
agreement, including, without limitation, that your use is for
the sole purpose of programming logic devices manufactured by
Intel and sold by Intel or its authorized distributors.  Please
refer to the applicable agreement for further details.



+-------------------------------------------------------------------------------+
; Analysis & Synthesis Summary                                                  ;
+---------------------------------+---------------------------------------------+
; Analysis & Synthesis Status     ; Successful - Sat Apr 30 23:49:47 2022       ;
; Quartus Prime Version           ; 17.1.0 Build 590 10/25/2017 SJ Lite Edition ;
; Revision Name                   ; rwRAM                                       ;
; Top-level Entity Name           ; rwRAM                                       ;
; Family                          ; Cyclone V                                   ;
; Logic utilization (in ALMs)     ; N/A                                         ;
; Total registers                 ; 992                                         ;
; Total pins                      ; 305                                         ;
; Total virtual pins              ; 0                                           ;
; Total block memory bits         ; 0                                           ;
; Total DSP Blocks                ; 0                                           ;
; Total HSSI RX PCSs              ; 0                                           ;
; Total HSSI PMA RX Deserializers ; 0                                           ;
; Total HSSI TX PCSs              ; 0                                           ;
; Total HSSI PMA TX Serializers   ; 0                                           ;
; Total PLLs                      ; 0                                           ;
; Total DLLs                      ; 0                                           ;
+---------------------------------+---------------------------------------------+


+---------------------------------------------------------------------------------------------------------------------------+
; Analysis & Synthesis Settings                                                                                             ;
+---------------------------------------------------------------------------------+--------------------+--------------------+
; Option                                                                          ; Setting            ; Default Value      ;
+---------------------------------------------------------------------------------+--------------------+--------------------+
; Device                                                                          ; 5CGXFC7C7F23C8     ;                    ;
; Top-level entity name                                                           ; rwRAM              ; rwRAM              ;
; Family name                                                                     ; Cyclone V          ; Cyclone V          ;
; Use smart compilation                                                           ; Off                ; Off                ;
; Enable parallel Assembler and TimeQuest Timing Analyzer during compilation      ; On                 ; On                 ;
; Enable compact report table                                                     ; Off                ; Off                ;
; Restructure Multiplexers                                                        ; Auto               ; Auto               ;
; MLAB Add Timing Constraints For Mixed-Port Feed-Through Mode Setting Don't Care ; Off                ; Off                ;
; Create Debugging Nodes for IP Cores                                             ; Off                ; Off                ;
; Preserve fewer node names                                                       ; On                 ; On                 ;
; Intel FPGA IP Evaluation Mode                                                   ; Enable             ; Enable             ;
; Verilog Version                                                                 ; Verilog_2001       ; Verilog_2001       ;
; VHDL Version                                                                    ; VHDL_1993          ; VHDL_1993          ;
; State Machine Processing                                                        ; Auto               ; Auto               ;
; Safe State Machine                                                              ; Off                ; Off                ;
; Extract Verilog State Machines                                                  ; On                 ; On                 ;
; Extract VHDL State Machines                                                     ; On                 ; On                 ;
; Ignore Verilog initial constructs                                               ; Off                ; Off                ;
; Iteration limit for constant Verilog loops                                      ; 5000               ; 5000               ;
; Iteration limit for non-constant Verilog loops                                  ; 250                ; 250                ;
; Add Pass-Through Logic to Inferred RAMs                                         ; On                 ; On                 ;
; Infer RAMs from Raw Logic                                                       ; On                 ; On                 ;
; Parallel Synthesis                                                              ; On                 ; On                 ;
; DSP Block Balancing                                                             ; Auto               ; Auto               ;
; NOT Gate Push-Back                                                              ; On                 ; On                 ;
; Power-Up Don't Care                                                             ; On                 ; On                 ;
; Remove Redundant Logic Cells                                                    ; Off                ; Off                ;
; Remove Duplicate Registers                                                      ; On                 ; On                 ;
; Ignore CARRY Buffers                                                            ; Off                ; Off                ;
; Ignore CASCADE Buffers                                                          ; Off                ; Off                ;
; Ignore GLOBAL Buffers                                                           ; Off                ; Off                ;
; Ignore ROW GLOBAL Buffers                                                       ; Off                ; Off                ;
; Ignore LCELL Buffers                                                            ; Off                ; Off                ;
; Ignore SOFT Buffers                                                             ; On                 ; On                 ;
; Limit AHDL Integers to 32 Bits                                                  ; Off                ; Off                ;
; Optimization Technique                                                          ; Balanced           ; Balanced           ;
; Carry Chain Length                                                              ; 70                 ; 70                 ;
; Auto Carry Chains                                                               ; On                 ; On                 ;
; Auto Open-Drain Pins                                                            ; On                 ; On                 ;
; Perform WYSIWYG Primitive Resynthesis                                           ; Off                ; Off                ;
; Auto ROM Replacement                                                            ; On                 ; On                 ;
; Auto RAM Replacement                                                            ; On                 ; On                 ;
; Auto DSP Block Replacement                                                      ; On                 ; On                 ;
; Auto Shift Register Replacement                                                 ; Auto               ; Auto               ;
; Allow Shift Register Merging across Hierarchies                                 ; Auto               ; Auto               ;
; Auto Clock Enable Replacement                                                   ; On                 ; On                 ;
; Strict RAM Replacement                                                          ; Off                ; Off                ;
; Allow Synchronous Control Signals                                               ; On                 ; On                 ;
; Force Use of Synchronous Clear Signals                                          ; Off                ; Off                ;
; Auto Resource Sharing                                                           ; Off                ; Off                ;
; Allow Any RAM Size For Recognition                                              ; Off                ; Off                ;
; Allow Any ROM Size For Recognition                                              ; Off                ; Off                ;
; Allow Any Shift Register Size For Recognition                                   ; Off                ; Off                ;
; Use LogicLock Constraints during Resource Balancing                             ; On                 ; On                 ;
; Ignore translate_off and synthesis_off directives                               ; Off                ; Off                ;
; Timing-Driven Synthesis                                                         ; On                 ; On                 ;
; Report Parameter Settings                                                       ; On                 ; On                 ;
; Report Source Assignments                                                       ; On                 ; On                 ;
; Report Connectivity Checks                                                      ; On                 ; On                 ;
; Ignore Maximum Fan-Out Assignments                                              ; Off                ; Off                ;
; Synchronization Register Chain Length                                           ; 3                  ; 3                  ;
; Power Optimization During Synthesis                                             ; Normal compilation ; Normal compilation ;
; HDL message level                                                               ; Level2             ; Level2             ;
; Suppress Register Optimization Related Messages                                 ; Off                ; Off                ;
; Number of Removed Registers Reported in Synthesis Report                        ; 5000               ; 5000               ;
; Number of Swept Nodes Reported in Synthesis Report                              ; 5000               ; 5000               ;
; Number of Inverted Registers Reported in Synthesis Report                       ; 100                ; 100                ;
; Clock MUX Protection                                                            ; On                 ; On                 ;
; Auto Gated Clock Conversion                                                     ; Off                ; Off                ;
; Block Design Naming                                                             ; Auto               ; Auto               ;
; SDC constraint protection                                                       ; Off                ; Off                ;
; Synthesis Effort                                                                ; Auto               ; Auto               ;
; Shift Register Replacement - Allow Asynchronous Clear Signal                    ; On                 ; On                 ;
; Pre-Mapping Resynthesis Optimization                                            ; Off                ; Off                ;
; Analysis & Synthesis Message Level                                              ; Medium             ; Medium             ;
; Disable Register Merging Across Hierarchies                                     ; Auto               ; Auto               ;
; Resource Aware Inference For Block RAM                                          ; On                 ; On                 ;
; Automatic Parallel Synthesis                                                    ; On                 ; On                 ;
; Partial Reconfiguration Bitstream ID                                            ; Off                ; Off                ;
+---------------------------------------------------------------------------------+--------------------+--------------------+


+------------------------------------------+
; Parallel Compilation                     ;
+----------------------------+-------------+
; Processors                 ; Number      ;
+----------------------------+-------------+
; Number detected on machine ; 16          ;
; Maximum allowed            ; 8           ;
;                            ;             ;
; Average used               ; 1.00        ;
; Maximum used               ; 8           ;
;                            ;             ;
; Usage by Processor         ; % Time Used ;
;     Processor 1            ; 100.0%      ;
;     Processor 2            ;   0.0%      ;
;     Processor 3            ;   0.0%      ;
;     Processor 4            ;   0.0%      ;
;     Processor 5            ;   0.0%      ;
;     Processor 6            ;   0.0%      ;
;     Processor 7            ;   0.0%      ;
;     Processor 8            ;   0.0%      ;
+----------------------------+-------------+


+------------------------------------------------------------------------------------------------------------------------------------------------+
; Analysis & Synthesis Source Files Read                                                                                                         ;
+----------------------------------+-----------------+------------------------------------+--------------------------------------------+---------+
; File Name with User-Entered Path ; Used in Netlist ; File Type                          ; File Name with Absolute Path               ; Library ;
+----------------------------------+-----------------+------------------------------------+--------------------------------------------+---------+
; rwRAM.bdf                        ; yes             ; User Block Diagram/Schematic File  ; D:/intelFPGA_lite/17.1/MCU/rwRAM/rwRAM.bdf ;         ;
; inst_id.v                        ; yes             ; Auto-Found Verilog HDL File        ; D:/intelFPGA_lite/17.1/MCU/rwRAM/inst_id.v ;         ;
; regs.v                           ; yes             ; Auto-Found Verilog HDL File        ; D:/intelFPGA_lite/17.1/MCU/rwRAM/regs.v    ;         ;
; ex.v                             ; yes             ; Auto-Found Verilog HDL File        ; D:/intelFPGA_lite/17.1/MCU/rwRAM/ex.v      ;         ;
+----------------------------------+-----------------+------------------------------------+--------------------------------------------+---------+


+---------------------------------------------------------+
; Analysis & Synthesis Resource Usage Summary             ;
+---------------------------------------------+-----------+
; Resource                                    ; Usage     ;
+---------------------------------------------+-----------+
; Estimate of Logic utilization (ALMs needed) ; 986       ;
;                                             ;           ;
; Combinational ALUT usage for logic          ; 1124      ;
;     -- 7 input functions                    ; 0         ;
;     -- 6 input functions                    ; 682       ;
;     -- 5 input functions                    ; 178       ;
;     -- 4 input functions                    ; 50        ;
;     -- <=3 input functions                  ; 214       ;
;                                             ;           ;
; Dedicated logic registers                   ; 992       ;
;                                             ;           ;
; I/O pins                                    ; 305       ;
;                                             ;           ;
; Total DSP Blocks                            ; 0         ;
;                                             ;           ;
; Maximum fan-out node                        ; rst~input ;
; Maximum fan-out                             ; 1017      ;
; Total fan-out                               ; 10281     ;
; Average fan-out                             ; 3.77      ;
+---------------------------------------------+-----------+


+----------------------------------------------------------------------------------------------------------------------------------------------------------------------------------------+
; Analysis & Synthesis Resource Utilization by Entity                                                                                                                                    ;
+----------------------------+---------------------+---------------------------+-------------------+------------+------+--------------+---------------------+-------------+--------------+
; Compilation Hierarchy Node ; Combinational ALUTs ; Dedicated Logic Registers ; Block Memory Bits ; DSP Blocks ; Pins ; Virtual Pins ; Full Hierarchy Name ; Entity Name ; Library Name ;
+----------------------------+---------------------+---------------------------+-------------------+------------+------+--------------+---------------------+-------------+--------------+
; |rwRAM                     ; 1124 (0)            ; 992 (0)                   ; 0                 ; 0          ; 305  ; 0            ; |rwRAM              ; rwRAM       ; work         ;
;    |ex:inst3|              ; 171 (171)           ; 0 (0)                     ; 0                 ; 0          ; 0    ; 0            ; |rwRAM|ex:inst3     ; ex          ; work         ;
;    |inst_id:inst|          ; 177 (177)           ; 0 (0)                     ; 0                 ; 0          ; 0    ; 0            ; |rwRAM|inst_id:inst ; inst_id     ; work         ;
;    |regs:inst1|            ; 776 (776)           ; 992 (992)                 ; 0                 ; 0          ; 0    ; 0            ; |rwRAM|regs:inst1   ; regs        ; work         ;
+----------------------------+---------------------+---------------------------+-------------------+------------+------+--------------+---------------------+-------------+--------------+
Note: For table entries with two numbers listed, the numbers in parentheses indicate the number of resources of the given type used by the specific entity alone. The numbers listed outside of parentheses indicate the total resources of the given type used by the specific entity and all of its sub-entities in the hierarchy.


+----------------------------------------------------------------------------------------------------------+
; User-Specified and Inferred Latches                                                                      ;
+------------------------------------------------------+--------------------------+------------------------+
; Latch Name                                           ; Latch Enable Signal      ; Free of Timing Hazards ;
+------------------------------------------------------+--------------------------+------------------------+
; ex:inst3|jump_addr_o[12]                             ; ex:inst3|Decoder0        ; yes                    ;
; ex:inst3|jump_addr_o[11]                             ; ex:inst3|Decoder0        ; yes                    ;
; ex:inst3|jump_addr_o[10]                             ; ex:inst3|Decoder0        ; yes                    ;
; ex:inst3|jump_addr_o[9]                              ; ex:inst3|Decoder0        ; yes                    ;
; ex:inst3|jump_addr_o[8]                              ; ex:inst3|Decoder0        ; yes                    ;
; ex:inst3|jump_addr_o[7]                              ; ex:inst3|Decoder0        ; yes                    ;
; ex:inst3|jump_addr_o[6]                              ; ex:inst3|Decoder0        ; yes                    ;
; ex:inst3|jump_addr_o[5]                              ; ex:inst3|Decoder0        ; yes                    ;
; ex:inst3|jump_addr_o[4]                              ; ex:inst3|Decoder0        ; yes                    ;
; ex:inst3|jump_addr_o[3]                              ; ex:inst3|Decoder0        ; yes                    ;
; ex:inst3|jump_addr_o[2]                              ; ex:inst3|Decoder0        ; yes                    ;
; ex:inst3|jump_addr_o[1]                              ; ex:inst3|Decoder0        ; yes                    ;
; inst_id:inst|op1_o[31]                               ; inst_id:inst|Selector142 ; yes                    ;
; inst_id:inst|op1_o[30]                               ; inst_id:inst|Selector142 ; yes                    ;
; inst_id:inst|op1_o[29]                               ; inst_id:inst|Selector142 ; yes                    ;
; inst_id:inst|op1_o[28]                               ; inst_id:inst|Selector142 ; yes                    ;
; inst_id:inst|op1_o[27]                               ; inst_id:inst|Selector142 ; yes                    ;
; inst_id:inst|op1_o[26]                               ; inst_id:inst|Selector142 ; yes                    ;
; inst_id:inst|op1_o[25]                               ; inst_id:inst|Selector142 ; yes                    ;
; inst_id:inst|op1_o[24]                               ; inst_id:inst|Selector142 ; yes                    ;
; inst_id:inst|op1_o[23]                               ; inst_id:inst|Selector142 ; yes                    ;
; inst_id:inst|op1_o[22]                               ; inst_id:inst|Selector142 ; yes                    ;
; inst_id:inst|op1_o[21]                               ; inst_id:inst|Selector142 ; yes                    ;
; inst_id:inst|op1_o[20]                               ; inst_id:inst|Selector142 ; yes                    ;
; inst_id:inst|op1_o[19]                               ; inst_id:inst|Selector142 ; yes                    ;
; inst_id:inst|op1_o[18]                               ; inst_id:inst|Selector142 ; yes                    ;
; inst_id:inst|op1_o[17]                               ; inst_id:inst|Selector142 ; yes                    ;
; inst_id:inst|op1_o[16]                               ; inst_id:inst|Selector142 ; yes                    ;
; inst_id:inst|op1_o[15]                               ; inst_id:inst|Selector142 ; yes                    ;
; inst_id:inst|op1_o[14]                               ; inst_id:inst|Selector142 ; yes                    ;
; inst_id:inst|op1_o[13]                               ; inst_id:inst|Selector142 ; yes                    ;
; inst_id:inst|op1_o[12]                               ; inst_id:inst|Selector142 ; yes                    ;
; inst_id:inst|op1_o[11]                               ; inst_id:inst|Selector142 ; yes                    ;
; inst_id:inst|op1_o[10]                               ; inst_id:inst|Selector142 ; yes                    ;
; inst_id:inst|op1_o[9]                                ; inst_id:inst|Selector142 ; yes                    ;
; inst_id:inst|op1_o[8]                                ; inst_id:inst|Selector142 ; yes                    ;
; inst_id:inst|op1_o[7]                                ; inst_id:inst|Selector142 ; yes                    ;
; inst_id:inst|op1_o[6]                                ; inst_id:inst|Selector142 ; yes                    ;
; inst_id:inst|op1_o[5]                                ; inst_id:inst|Selector142 ; yes                    ;
; inst_id:inst|op1_o[4]                                ; inst_id:inst|Selector142 ; yes                    ;
; inst_id:inst|op1_o[3]                                ; inst_id:inst|Selector142 ; yes                    ;
; inst_id:inst|op1_o[2]                                ; inst_id:inst|Selector142 ; yes                    ;
; inst_id:inst|op1_o[1]                                ; inst_id:inst|Selector142 ; yes                    ;
; inst_id:inst|op1_o[0]                                ; inst_id:inst|Selector142 ; yes                    ;
; inst_id:inst|op2_o[31]                               ; inst_id:inst|Selector142 ; yes                    ;
; inst_id:inst|op2_o[30]                               ; inst_id:inst|Selector142 ; yes                    ;
; inst_id:inst|op2_o[29]                               ; inst_id:inst|Selector142 ; yes                    ;
; inst_id:inst|op2_o[28]                               ; inst_id:inst|Selector142 ; yes                    ;
; inst_id:inst|op2_o[27]                               ; inst_id:inst|Selector142 ; yes                    ;
; inst_id:inst|op2_o[26]                               ; inst_id:inst|Selector142 ; yes                    ;
; inst_id:inst|op2_o[25]                               ; inst_id:inst|Selector142 ; yes                    ;
; inst_id:inst|op2_o[24]                               ; inst_id:inst|Selector142 ; yes                    ;
; inst_id:inst|op2_o[23]                               ; inst_id:inst|Selector142 ; yes                    ;
; inst_id:inst|op2_o[22]                               ; inst_id:inst|Selector142 ; yes                    ;
; inst_id:inst|op2_o[21]                               ; inst_id:inst|Selector142 ; yes                    ;
; inst_id:inst|op2_o[20]                               ; inst_id:inst|Selector142 ; yes                    ;
; inst_id:inst|op2_o[19]                               ; inst_id:inst|Selector142 ; yes                    ;
; inst_id:inst|op2_o[18]                               ; inst_id:inst|Selector142 ; yes                    ;
; inst_id:inst|op2_o[17]                               ; inst_id:inst|Selector142 ; yes                    ;
; inst_id:inst|op2_o[16]                               ; inst_id:inst|Selector142 ; yes                    ;
; inst_id:inst|op2_o[15]                               ; inst_id:inst|Selector142 ; yes                    ;
; inst_id:inst|op2_o[14]                               ; inst_id:inst|Selector142 ; yes                    ;
; inst_id:inst|op2_o[13]                               ; inst_id:inst|Selector142 ; yes                    ;
; inst_id:inst|op2_o[12]                               ; inst_id:inst|Selector142 ; yes                    ;
; inst_id:inst|op2_o[11]                               ; inst_id:inst|Selector142 ; yes                    ;
; inst_id:inst|op2_o[10]                               ; inst_id:inst|Selector142 ; yes                    ;
; inst_id:inst|op2_o[9]                                ; inst_id:inst|Selector142 ; yes                    ;
; inst_id:inst|op2_o[8]                                ; inst_id:inst|Selector142 ; yes                    ;
; inst_id:inst|op2_o[7]                                ; inst_id:inst|Selector142 ; yes                    ;
; inst_id:inst|op2_o[6]                                ; inst_id:inst|Selector142 ; yes                    ;
; inst_id:inst|op2_o[5]                                ; inst_id:inst|Selector142 ; yes                    ;
; inst_id:inst|op2_o[4]                                ; inst_id:inst|Selector142 ; yes                    ;
; inst_id:inst|op2_o[3]                                ; inst_id:inst|Selector142 ; yes                    ;
; inst_id:inst|op2_o[2]                                ; inst_id:inst|Selector142 ; yes                    ;
; inst_id:inst|op2_o[1]                                ; inst_id:inst|Selector142 ; yes                    ;
; inst_id:inst|op2_o[0]                                ; inst_id:inst|Selector142 ; yes                    ;
; inst_id:inst|rd_addr_o[4]                            ; inst_id:inst|Selector142 ; yes                    ;
; inst_id:inst|rd_addr_o[3]                            ; inst_id:inst|Selector142 ; yes                    ;
; inst_id:inst|rd_addr_o[2]                            ; inst_id:inst|Selector142 ; yes                    ;
; inst_id:inst|rd_addr_o[1]                            ; inst_id:inst|Selector142 ; yes                    ;
; inst_id:inst|rd_addr_o[0]                            ; inst_id:inst|Selector142 ; yes                    ;
; ex:inst3|rd_data_o[31]                               ; ex:inst3|Selector138     ; yes                    ;
; ex:inst3|rd_data_o[30]                               ; ex:inst3|Selector138     ; yes                    ;
; ex:inst3|rd_data_o[29]                               ; ex:inst3|Selector138     ; yes                    ;
; ex:inst3|rd_data_o[28]                               ; ex:inst3|Selector138     ; yes                    ;
; ex:inst3|rd_data_o[27]                               ; ex:inst3|Selector138     ; yes                    ;
; ex:inst3|rd_data_o[26]                               ; ex:inst3|Selector138     ; yes                    ;
; ex:inst3|rd_data_o[25]                               ; ex:inst3|Selector138     ; yes                    ;
; ex:inst3|rd_data_o[24]                               ; ex:inst3|Selector138     ; yes                    ;
; ex:inst3|rd_data_o[23]                               ; ex:inst3|Selector138     ; yes                    ;
; ex:inst3|rd_data_o[22]                               ; ex:inst3|Selector138     ; yes                    ;
; ex:inst3|rd_data_o[21]                               ; ex:inst3|Selector138     ; yes                    ;
; ex:inst3|rd_data_o[20]                               ; ex:inst3|Selector138     ; yes                    ;
; ex:inst3|rd_data_o[19]                               ; ex:inst3|Selector138     ; yes                    ;
; ex:inst3|rd_data_o[18]                               ; ex:inst3|Selector138     ; yes                    ;
; ex:inst3|rd_data_o[17]                               ; ex:inst3|Selector138     ; yes                    ;
; ex:inst3|rd_data_o[16]                               ; ex:inst3|Selector138     ; yes                    ;
; ex:inst3|rd_data_o[15]                               ; ex:inst3|Selector138     ; yes                    ;
; ex:inst3|rd_data_o[14]                               ; ex:inst3|Selector138     ; yes                    ;
; ex:inst3|rd_data_o[13]                               ; ex:inst3|Selector138     ; yes                    ;
; Number of user-specified and inferred latches = 129  ;                          ;                        ;
+------------------------------------------------------+--------------------------+------------------------+
Table restricted to first 100 entries. Note: All latches listed above may not be present at the end of synthesis due to various synthesis optimizations.


+---------------------------------------------------------------------------------+
; Registers Removed During Synthesis                                              ;
+----------------------------------------+----------------------------------------+
; Register name                          ; Reason for Removal                     ;
+----------------------------------------+----------------------------------------+
; regs:inst1|regs[0][31]                 ; Stuck at GND due to stuck port data_in ;
; regs:inst1|regs[0][30]                 ; Stuck at GND due to stuck port data_in ;
; regs:inst1|regs[0][29]                 ; Stuck at GND due to stuck port data_in ;
; regs:inst1|regs[0][28]                 ; Stuck at GND due to stuck port data_in ;
; regs:inst1|regs[0][27]                 ; Stuck at GND due to stuck port data_in ;
; regs:inst1|regs[0][26]                 ; Stuck at GND due to stuck port data_in ;
; regs:inst1|regs[0][25]                 ; Stuck at GND due to stuck port data_in ;
; regs:inst1|regs[0][24]                 ; Stuck at GND due to stuck port data_in ;
; regs:inst1|regs[0][23]                 ; Stuck at GND due to stuck port data_in ;
; regs:inst1|regs[0][22]                 ; Stuck at GND due to stuck port data_in ;
; regs:inst1|regs[0][21]                 ; Stuck at GND due to stuck port data_in ;
; regs:inst1|regs[0][20]                 ; Stuck at GND due to stuck port data_in ;
; regs:inst1|regs[0][19]                 ; Stuck at GND due to stuck port data_in ;
; regs:inst1|regs[0][18]                 ; Stuck at GND due to stuck port data_in ;
; regs:inst1|regs[0][17]                 ; Stuck at GND due to stuck port data_in ;
; regs:inst1|regs[0][16]                 ; Stuck at GND due to stuck port data_in ;
; regs:inst1|regs[0][15]                 ; Stuck at GND due to stuck port data_in ;
; regs:inst1|regs[0][14]                 ; Stuck at GND due to stuck port data_in ;
; regs:inst1|regs[0][13]                 ; Stuck at GND due to stuck port data_in ;
; regs:inst1|regs[0][12]                 ; Stuck at GND due to stuck port data_in ;
; regs:inst1|regs[0][11]                 ; Stuck at GND due to stuck port data_in ;
; regs:inst1|regs[0][10]                 ; Stuck at GND due to stuck port data_in ;
; regs:inst1|regs[0][9]                  ; Stuck at GND due to stuck port data_in ;
; regs:inst1|regs[0][8]                  ; Stuck at GND due to stuck port data_in ;
; regs:inst1|regs[0][7]                  ; Stuck at GND due to stuck port data_in ;
; regs:inst1|regs[0][6]                  ; Stuck at GND due to stuck port data_in ;
; regs:inst1|regs[0][5]                  ; Stuck at GND due to stuck port data_in ;
; regs:inst1|regs[0][4]                  ; Stuck at GND due to stuck port data_in ;
; regs:inst1|regs[0][3]                  ; Stuck at GND due to stuck port data_in ;
; regs:inst1|regs[0][2]                  ; Stuck at GND due to stuck port data_in ;
; regs:inst1|regs[0][1]                  ; Stuck at GND due to stuck port data_in ;
; regs:inst1|regs[0][0]                  ; Stuck at GND due to stuck port data_in ;
; Total Number of Removed Registers = 32 ;                                        ;
+----------------------------------------+----------------------------------------+


+------------------------------------------------------+
; General Register Statistics                          ;
+----------------------------------------------+-------+
; Statistic                                    ; Value ;
+----------------------------------------------+-------+
; Total registers                              ; 992   ;
; Number of registers using Synchronous Clear  ; 960   ;
; Number of registers using Synchronous Load   ; 0     ;
; Number of registers using Asynchronous Clear ; 0     ;
; Number of registers using Asynchronous Load  ; 0     ;
; Number of registers using Clock Enable       ; 992   ;
; Number of registers using Preset             ; 0     ;
+----------------------------------------------+-------+


+--------------------------------------------------------------------------------------------------------------------------------------------------+
; Multiplexer Restructuring Statistics (Restructuring Performed)                                                                                   ;
+--------------------+-----------+---------------+----------------------+------------------------+------------+------------------------------------+
; Multiplexer Inputs ; Bus Width ; Baseline Area ; Area if Restructured ; Saving if Restructured ; Registered ; Example Multiplexer Output         ;
+--------------------+-----------+---------------+----------------------+------------------------+------------+------------------------------------+
; 3:1                ; 32 bits   ; 64 LEs        ; 0 LEs                ; 64 LEs                 ; Yes        ; |rwRAM|regs:inst1|regs[0][11]      ;
; 3:1                ; 32 bits   ; 64 LEs        ; 0 LEs                ; 64 LEs                 ; Yes        ; |rwRAM|regs:inst1|regs[1][14]      ;
; 3:1                ; 32 bits   ; 64 LEs        ; 0 LEs                ; 64 LEs                 ; Yes        ; |rwRAM|regs:inst1|regs[2][24]      ;
; 3:1                ; 32 bits   ; 64 LEs        ; 0 LEs                ; 64 LEs                 ; Yes        ; |rwRAM|regs:inst1|regs[3][26]      ;
; 3:1                ; 32 bits   ; 64 LEs        ; 0 LEs                ; 64 LEs                 ; Yes        ; |rwRAM|regs:inst1|regs[4][17]      ;
; 3:1                ; 32 bits   ; 64 LEs        ; 0 LEs                ; 64 LEs                 ; Yes        ; |rwRAM|regs:inst1|regs[5][30]      ;
; 3:1                ; 32 bits   ; 64 LEs        ; 0 LEs                ; 64 LEs                 ; Yes        ; |rwRAM|regs:inst1|regs[6][10]      ;
; 3:1                ; 32 bits   ; 64 LEs        ; 0 LEs                ; 64 LEs                 ; Yes        ; |rwRAM|regs:inst1|regs[7][8]       ;
; 3:1                ; 32 bits   ; 64 LEs        ; 0 LEs                ; 64 LEs                 ; Yes        ; |rwRAM|regs:inst1|regs[8][8]       ;
; 3:1                ; 32 bits   ; 64 LEs        ; 0 LEs                ; 64 LEs                 ; Yes        ; |rwRAM|regs:inst1|regs[9][13]      ;
; 3:1                ; 32 bits   ; 64 LEs        ; 0 LEs                ; 64 LEs                 ; Yes        ; |rwRAM|regs:inst1|regs[10][21]     ;
; 3:1                ; 32 bits   ; 64 LEs        ; 0 LEs                ; 64 LEs                 ; Yes        ; |rwRAM|regs:inst1|regs[11][0]      ;
; 3:1                ; 32 bits   ; 64 LEs        ; 0 LEs                ; 64 LEs                 ; Yes        ; |rwRAM|regs:inst1|regs[12][27]     ;
; 3:1                ; 32 bits   ; 64 LEs        ; 0 LEs                ; 64 LEs                 ; Yes        ; |rwRAM|regs:inst1|regs[13][30]     ;
; 3:1                ; 32 bits   ; 64 LEs        ; 0 LEs                ; 64 LEs                 ; Yes        ; |rwRAM|regs:inst1|regs[14][17]     ;
; 3:1                ; 32 bits   ; 64 LEs        ; 0 LEs                ; 64 LEs                 ; Yes        ; |rwRAM|regs:inst1|regs[15][28]     ;
; 3:1                ; 32 bits   ; 64 LEs        ; 0 LEs                ; 64 LEs                 ; Yes        ; |rwRAM|regs:inst1|regs[16][18]     ;
; 3:1                ; 32 bits   ; 64 LEs        ; 0 LEs                ; 64 LEs                 ; Yes        ; |rwRAM|regs:inst1|regs[17][18]     ;
; 3:1                ; 32 bits   ; 64 LEs        ; 0 LEs                ; 64 LEs                 ; Yes        ; |rwRAM|regs:inst1|regs[18][8]      ;
; 3:1                ; 32 bits   ; 64 LEs        ; 0 LEs                ; 64 LEs                 ; Yes        ; |rwRAM|regs:inst1|regs[19][6]      ;
; 3:1                ; 32 bits   ; 64 LEs        ; 0 LEs                ; 64 LEs                 ; Yes        ; |rwRAM|regs:inst1|regs[20][29]     ;
; 3:1                ; 32 bits   ; 64 LEs        ; 0 LEs                ; 64 LEs                 ; Yes        ; |rwRAM|regs:inst1|regs[21][12]     ;
; 3:1                ; 32 bits   ; 64 LEs        ; 0 LEs                ; 64 LEs                 ; Yes        ; |rwRAM|regs:inst1|regs[22][27]     ;
; 3:1                ; 32 bits   ; 64 LEs        ; 0 LEs                ; 64 LEs                 ; Yes        ; |rwRAM|regs:inst1|regs[23][13]     ;
; 3:1                ; 32 bits   ; 64 LEs        ; 0 LEs                ; 64 LEs                 ; Yes        ; |rwRAM|regs:inst1|regs[24][19]     ;
; 3:1                ; 32 bits   ; 64 LEs        ; 0 LEs                ; 64 LEs                 ; Yes        ; |rwRAM|regs:inst1|regs[25][2]      ;
; 3:1                ; 32 bits   ; 64 LEs        ; 0 LEs                ; 64 LEs                 ; Yes        ; |rwRAM|regs:inst1|regs[26][30]     ;
; 3:1                ; 32 bits   ; 64 LEs        ; 0 LEs                ; 64 LEs                 ; Yes        ; |rwRAM|regs:inst1|regs[27][31]     ;
; 3:1                ; 32 bits   ; 64 LEs        ; 0 LEs                ; 64 LEs                 ; Yes        ; |rwRAM|regs:inst1|regs[28][2]      ;
; 3:1                ; 32 bits   ; 64 LEs        ; 0 LEs                ; 64 LEs                 ; Yes        ; |rwRAM|regs:inst1|regs[29][6]      ;
; 3:1                ; 32 bits   ; 64 LEs        ; 0 LEs                ; 64 LEs                 ; Yes        ; |rwRAM|regs:inst1|regs[30][3]      ;
; 35:1               ; 32 bits   ; 736 LEs       ; 736 LEs              ; 0 LEs                  ; No         ; |rwRAM|regs:inst1|reg1_rdata_o[24] ;
; 35:1               ; 32 bits   ; 736 LEs       ; 736 LEs              ; 0 LEs                  ; No         ; |rwRAM|regs:inst1|reg2_rdata_o[1]  ;
; 130:1              ; 5 bits    ; 430 LEs       ; 40 LEs               ; 390 LEs                ; No         ; |rwRAM|inst_id:inst|Selector3      ;
; 129:1              ; 32 bits   ; 2752 LEs      ; 320 LEs              ; 2432 LEs               ; No         ; |rwRAM|ex:inst3|Selector117        ;
; 130:1              ; 5 bits    ; 430 LEs       ; 45 LEs               ; 385 LEs                ; No         ; |rwRAM|inst_id:inst|Selector148    ;
; 69:1               ; 21 bits   ; 966 LEs       ; 189 LEs              ; 777 LEs                ; No         ; |rwRAM|inst_id:inst|Selector52     ;
; 131:1              ; 37 bits   ; 3219 LEs      ; 370 LEs              ; 2849 LEs               ; No         ; |rwRAM|inst_id:inst|Selector157    ;
; 131:1              ; 11 bits   ; 957 LEs       ; 132 LEs              ; 825 LEs                ; No         ; |rwRAM|inst_id:inst|Selector14     ;
; 130:1              ; 5 bits    ; 430 LEs       ; 50 LEs               ; 380 LEs                ; No         ; |rwRAM|ex:inst3|Selector104        ;
+--------------------+-----------+---------------+----------------------+------------------------+------------+------------------------------------+


+-----------------------------------------------------+
; Post-Synthesis Netlist Statistics for Top Partition ;
+-----------------------+-----------------------------+
; Type                  ; Count                       ;
+-----------------------+-----------------------------+
; arriav_ff             ; 992                         ;
;     ENA               ; 32                          ;
;     ENA SCLR          ; 960                         ;
; arriav_lcell_comb     ; 1125                        ;
;     arith             ; 32                          ;
;         2 data inputs ; 32                          ;
;     normal            ; 1061                        ;
;         0 data inputs ; 1                           ;
;         2 data inputs ; 1                           ;
;         3 data inputs ; 149                         ;
;         4 data inputs ; 50                          ;
;         5 data inputs ; 178                         ;
;         6 data inputs ; 682                         ;
;     shared            ; 32                          ;
;         2 data inputs ; 32                          ;
; boundary_port         ; 305                         ;
;                       ;                             ;
; Max LUT depth         ; 6.10                        ;
; Average LUT depth     ; 4.39                        ;
+-----------------------+-----------------------------+


+-------------------------------+
; Elapsed Time Per Partition    ;
+----------------+--------------+
; Partition Name ; Elapsed Time ;
+----------------+--------------+
; Top            ; 00:00:01     ;
+----------------+--------------+


+-------------------------------+
; Analysis & Synthesis Messages ;
+-------------------------------+
Info: *******************************************************************
Info: Running Quartus Prime Analysis & Synthesis
    Info: Version 17.1.0 Build 590 10/25/2017 SJ Lite Edition
    Info: Processing started: Sat Apr 30 23:49:33 2022
Info: Command: quartus_map --read_settings_files=on --write_settings_files=off rwRAM -c rwRAM
Warning (18236): Number of processors has not been specified which may cause overloading on shared machines.  Set the global assignment NUM_PARALLEL_PROCESSORS in your QSF to an appropriate value for best performance.
Info (20030): Parallel compilation is enabled and will use 8 of the 8 processors detected
Info (12021): Found 1 design units, including 1 entities, in source file rwram.bdf
    Info (12023): Found entity 1: rwRAM
Info (12127): Elaborating entity "rwRAM" for the top level hierarchy
Warning (12125): Using design file inst_id.v, which is not specified as a design file for the current project, but contains definitions for 1 design units and 1 entities in project
    Info (12023): Found entity 1: inst_id File: D:/intelFPGA_lite/17.1/MCU/rwRAM/inst_id.v Line: 1
Info (12128): Elaborating entity "inst_id" for hierarchy "inst_id:inst"
Warning (10240): Verilog HDL Always Construct warning at inst_id.v(33): inferring latch(es) for variable "rs1_addr_o", which holds its previous value in one or more paths through the always construct File: D:/intelFPGA_lite/17.1/MCU/rwRAM/inst_id.v Line: 33
Warning (10240): Verilog HDL Always Construct warning at inst_id.v(33): inferring latch(es) for variable "rs2_addr_o", which holds its previous value in one or more paths through the always construct File: D:/intelFPGA_lite/17.1/MCU/rwRAM/inst_id.v Line: 33
Warning (10240): Verilog HDL Always Construct warning at inst_id.v(33): inferring latch(es) for variable "op1_o", which holds its previous value in one or more paths through the always construct File: D:/intelFPGA_lite/17.1/MCU/rwRAM/inst_id.v Line: 33
Warning (10240): Verilog HDL Always Construct warning at inst_id.v(33): inferring latch(es) for variable "op2_o", which holds its previous value in one or more paths through the always construct File: D:/intelFPGA_lite/17.1/MCU/rwRAM/inst_id.v Line: 33
Warning (10240): Verilog HDL Always Construct warning at inst_id.v(33): inferring latch(es) for variable "rd_addr_o", which holds its previous value in one or more paths through the always construct File: D:/intelFPGA_lite/17.1/MCU/rwRAM/inst_id.v Line: 33
Warning (10240): Verilog HDL Always Construct warning at inst_id.v(33): inferring latch(es) for variable "rd_write_en", which holds its previous value in one or more paths through the always construct File: D:/intelFPGA_lite/17.1/MCU/rwRAM/inst_id.v Line: 33
Info (10041): Inferred latch for "rd_write_en" at inst_id.v(33) File: D:/intelFPGA_lite/17.1/MCU/rwRAM/inst_id.v Line: 33
Info (10041): Inferred latch for "rd_addr_o[0]" at inst_id.v(33) File: D:/intelFPGA_lite/17.1/MCU/rwRAM/inst_id.v Line: 33
Info (10041): Inferred latch for "rd_addr_o[1]" at inst_id.v(33) File: D:/intelFPGA_lite/17.1/MCU/rwRAM/inst_id.v Line: 33
Info (10041): Inferred latch for "rd_addr_o[2]" at inst_id.v(33) File: D:/intelFPGA_lite/17.1/MCU/rwRAM/inst_id.v Line: 33
Info (10041): Inferred latch for "rd_addr_o[3]" at inst_id.v(33) File: D:/intelFPGA_lite/17.1/MCU/rwRAM/inst_id.v Line: 33
Info (10041): Inferred latch for "rd_addr_o[4]" at inst_id.v(33) File: D:/intelFPGA_lite/17.1/MCU/rwRAM/inst_id.v Line: 33
Info (10041): Inferred latch for "op2_o[0]" at inst_id.v(33) File: D:/intelFPGA_lite/17.1/MCU/rwRAM/inst_id.v Line: 33
Info (10041): Inferred latch for "op2_o[1]" at inst_id.v(33) File: D:/intelFPGA_lite/17.1/MCU/rwRAM/inst_id.v Line: 33
Info (10041): Inferred latch for "op2_o[2]" at inst_id.v(33) File: D:/intelFPGA_lite/17.1/MCU/rwRAM/inst_id.v Line: 33
Info (10041): Inferred latch for "op2_o[3]" at inst_id.v(33) File: D:/intelFPGA_lite/17.1/MCU/rwRAM/inst_id.v Line: 33
Info (10041): Inferred latch for "op2_o[4]" at inst_id.v(33) File: D:/intelFPGA_lite/17.1/MCU/rwRAM/inst_id.v Line: 33
Info (10041): Inferred latch for "op2_o[5]" at inst_id.v(33) File: D:/intelFPGA_lite/17.1/MCU/rwRAM/inst_id.v Line: 33
Info (10041): Inferred latch for "op2_o[6]" at inst_id.v(33) File: D:/intelFPGA_lite/17.1/MCU/rwRAM/inst_id.v Line: 33
Info (10041): Inferred latch for "op2_o[7]" at inst_id.v(33) File: D:/intelFPGA_lite/17.1/MCU/rwRAM/inst_id.v Line: 33
Info (10041): Inferred latch for "op2_o[8]" at inst_id.v(33) File: D:/intelFPGA_lite/17.1/MCU/rwRAM/inst_id.v Line: 33
Info (10041): Inferred latch for "op2_o[9]" at inst_id.v(33) File: D:/intelFPGA_lite/17.1/MCU/rwRAM/inst_id.v Line: 33
Info (10041): Inferred latch for "op2_o[10]" at inst_id.v(33) File: D:/intelFPGA_lite/17.1/MCU/rwRAM/inst_id.v Line: 33
Info (10041): Inferred latch for "op2_o[11]" at inst_id.v(33) File: D:/intelFPGA_lite/17.1/MCU/rwRAM/inst_id.v Line: 33
Info (10041): Inferred latch for "op2_o[12]" at inst_id.v(33) File: D:/intelFPGA_lite/17.1/MCU/rwRAM/inst_id.v Line: 33
Info (10041): Inferred latch for "op2_o[13]" at inst_id.v(33) File: D:/intelFPGA_lite/17.1/MCU/rwRAM/inst_id.v Line: 33
Info (10041): Inferred latch for "op2_o[14]" at inst_id.v(33) File: D:/intelFPGA_lite/17.1/MCU/rwRAM/inst_id.v Line: 33
Info (10041): Inferred latch for "op2_o[15]" at inst_id.v(33) File: D:/intelFPGA_lite/17.1/MCU/rwRAM/inst_id.v Line: 33
Info (10041): Inferred latch for "op2_o[16]" at inst_id.v(33) File: D:/intelFPGA_lite/17.1/MCU/rwRAM/inst_id.v Line: 33
Info (10041): Inferred latch for "op2_o[17]" at inst_id.v(33) File: D:/intelFPGA_lite/17.1/MCU/rwRAM/inst_id.v Line: 33
Info (10041): Inferred latch for "op2_o[18]" at inst_id.v(33) File: D:/intelFPGA_lite/17.1/MCU/rwRAM/inst_id.v Line: 33
Info (10041): Inferred latch for "op2_o[19]" at inst_id.v(33) File: D:/intelFPGA_lite/17.1/MCU/rwRAM/inst_id.v Line: 33
Info (10041): Inferred latch for "op2_o[20]" at inst_id.v(33) File: D:/intelFPGA_lite/17.1/MCU/rwRAM/inst_id.v Line: 33
Info (10041): Inferred latch for "op2_o[21]" at inst_id.v(33) File: D:/intelFPGA_lite/17.1/MCU/rwRAM/inst_id.v Line: 33
Info (10041): Inferred latch for "op2_o[22]" at inst_id.v(33) File: D:/intelFPGA_lite/17.1/MCU/rwRAM/inst_id.v Line: 33
Info (10041): Inferred latch for "op2_o[23]" at inst_id.v(33) File: D:/intelFPGA_lite/17.1/MCU/rwRAM/inst_id.v Line: 33
Info (10041): Inferred latch for "op2_o[24]" at inst_id.v(33) File: D:/intelFPGA_lite/17.1/MCU/rwRAM/inst_id.v Line: 33
Info (10041): Inferred latch for "op2_o[25]" at inst_id.v(33) File: D:/intelFPGA_lite/17.1/MCU/rwRAM/inst_id.v Line: 33
Info (10041): Inferred latch for "op2_o[26]" at inst_id.v(33) File: D:/intelFPGA_lite/17.1/MCU/rwRAM/inst_id.v Line: 33
Info (10041): Inferred latch for "op2_o[27]" at inst_id.v(33) File: D:/intelFPGA_lite/17.1/MCU/rwRAM/inst_id.v Line: 33
Info (10041): Inferred latch for "op2_o[28]" at inst_id.v(33) File: D:/intelFPGA_lite/17.1/MCU/rwRAM/inst_id.v Line: 33
Info (10041): Inferred latch for "op2_o[29]" at inst_id.v(33) File: D:/intelFPGA_lite/17.1/MCU/rwRAM/inst_id.v Line: 33
Info (10041): Inferred latch for "op2_o[30]" at inst_id.v(33) File: D:/intelFPGA_lite/17.1/MCU/rwRAM/inst_id.v Line: 33
Info (10041): Inferred latch for "op2_o[31]" at inst_id.v(33) File: D:/intelFPGA_lite/17.1/MCU/rwRAM/inst_id.v Line: 33
Info (10041): Inferred latch for "op1_o[0]" at inst_id.v(33) File: D:/intelFPGA_lite/17.1/MCU/rwRAM/inst_id.v Line: 33
Info (10041): Inferred latch for "op1_o[1]" at inst_id.v(33) File: D:/intelFPGA_lite/17.1/MCU/rwRAM/inst_id.v Line: 33
Info (10041): Inferred latch for "op1_o[2]" at inst_id.v(33) File: D:/intelFPGA_lite/17.1/MCU/rwRAM/inst_id.v Line: 33
Info (10041): Inferred latch for "op1_o[3]" at inst_id.v(33) File: D:/intelFPGA_lite/17.1/MCU/rwRAM/inst_id.v Line: 33
Info (10041): Inferred latch for "op1_o[4]" at inst_id.v(33) File: D:/intelFPGA_lite/17.1/MCU/rwRAM/inst_id.v Line: 33
Info (10041): Inferred latch for "op1_o[5]" at inst_id.v(33) File: D:/intelFPGA_lite/17.1/MCU/rwRAM/inst_id.v Line: 33
Info (10041): Inferred latch for "op1_o[6]" at inst_id.v(33) File: D:/intelFPGA_lite/17.1/MCU/rwRAM/inst_id.v Line: 33
Info (10041): Inferred latch for "op1_o[7]" at inst_id.v(33) File: D:/intelFPGA_lite/17.1/MCU/rwRAM/inst_id.v Line: 33
Info (10041): Inferred latch for "op1_o[8]" at inst_id.v(33) File: D:/intelFPGA_lite/17.1/MCU/rwRAM/inst_id.v Line: 33
Info (10041): Inferred latch for "op1_o[9]" at inst_id.v(33) File: D:/intelFPGA_lite/17.1/MCU/rwRAM/inst_id.v Line: 33
Info (10041): Inferred latch for "op1_o[10]" at inst_id.v(33) File: D:/intelFPGA_lite/17.1/MCU/rwRAM/inst_id.v Line: 33
Info (10041): Inferred latch for "op1_o[11]" at inst_id.v(33) File: D:/intelFPGA_lite/17.1/MCU/rwRAM/inst_id.v Line: 33
Info (10041): Inferred latch for "op1_o[12]" at inst_id.v(33) File: D:/intelFPGA_lite/17.1/MCU/rwRAM/inst_id.v Line: 33
Info (10041): Inferred latch for "op1_o[13]" at inst_id.v(33) File: D:/intelFPGA_lite/17.1/MCU/rwRAM/inst_id.v Line: 33
Info (10041): Inferred latch for "op1_o[14]" at inst_id.v(33) File: D:/intelFPGA_lite/17.1/MCU/rwRAM/inst_id.v Line: 33
Info (10041): Inferred latch for "op1_o[15]" at inst_id.v(33) File: D:/intelFPGA_lite/17.1/MCU/rwRAM/inst_id.v Line: 33
Info (10041): Inferred latch for "op1_o[16]" at inst_id.v(33) File: D:/intelFPGA_lite/17.1/MCU/rwRAM/inst_id.v Line: 33
Info (10041): Inferred latch for "op1_o[17]" at inst_id.v(33) File: D:/intelFPGA_lite/17.1/MCU/rwRAM/inst_id.v Line: 33
Info (10041): Inferred latch for "op1_o[18]" at inst_id.v(33) File: D:/intelFPGA_lite/17.1/MCU/rwRAM/inst_id.v Line: 33
Info (10041): Inferred latch for "op1_o[19]" at inst_id.v(33) File: D:/intelFPGA_lite/17.1/MCU/rwRAM/inst_id.v Line: 33
Info (10041): Inferred latch for "op1_o[20]" at inst_id.v(33) File: D:/intelFPGA_lite/17.1/MCU/rwRAM/inst_id.v Line: 33
Info (10041): Inferred latch for "op1_o[21]" at inst_id.v(33) File: D:/intelFPGA_lite/17.1/MCU/rwRAM/inst_id.v Line: 33
Info (10041): Inferred latch for "op1_o[22]" at inst_id.v(33) File: D:/intelFPGA_lite/17.1/MCU/rwRAM/inst_id.v Line: 33
Info (10041): Inferred latch for "op1_o[23]" at inst_id.v(33) File: D:/intelFPGA_lite/17.1/MCU/rwRAM/inst_id.v Line: 33
Info (10041): Inferred latch for "op1_o[24]" at inst_id.v(33) File: D:/intelFPGA_lite/17.1/MCU/rwRAM/inst_id.v Line: 33
Info (10041): Inferred latch for "op1_o[25]" at inst_id.v(33) File: D:/intelFPGA_lite/17.1/MCU/rwRAM/inst_id.v Line: 33
Info (10041): Inferred latch for "op1_o[26]" at inst_id.v(33) File: D:/intelFPGA_lite/17.1/MCU/rwRAM/inst_id.v Line: 33
Info (10041): Inferred latch for "op1_o[27]" at inst_id.v(33) File: D:/intelFPGA_lite/17.1/MCU/rwRAM/inst_id.v Line: 33
Info (10041): Inferred latch for "op1_o[28]" at inst_id.v(33) File: D:/intelFPGA_lite/17.1/MCU/rwRAM/inst_id.v Line: 33
Info (10041): Inferred latch for "op1_o[29]" at inst_id.v(33) File: D:/intelFPGA_lite/17.1/MCU/rwRAM/inst_id.v Line: 33
Info (10041): Inferred latch for "op1_o[30]" at inst_id.v(33) File: D:/intelFPGA_lite/17.1/MCU/rwRAM/inst_id.v Line: 33
Info (10041): Inferred latch for "op1_o[31]" at inst_id.v(33) File: D:/intelFPGA_lite/17.1/MCU/rwRAM/inst_id.v Line: 33
Info (10041): Inferred latch for "rs2_addr_o[0]" at inst_id.v(33) File: D:/intelFPGA_lite/17.1/MCU/rwRAM/inst_id.v Line: 33
Info (10041): Inferred latch for "rs2_addr_o[1]" at inst_id.v(33) File: D:/intelFPGA_lite/17.1/MCU/rwRAM/inst_id.v Line: 33
Info (10041): Inferred latch for "rs2_addr_o[2]" at inst_id.v(33) File: D:/intelFPGA_lite/17.1/MCU/rwRAM/inst_id.v Line: 33
Info (10041): Inferred latch for "rs2_addr_o[3]" at inst_id.v(33) File: D:/intelFPGA_lite/17.1/MCU/rwRAM/inst_id.v Line: 33
Info (10041): Inferred latch for "rs2_addr_o[4]" at inst_id.v(33) File: D:/intelFPGA_lite/17.1/MCU/rwRAM/inst_id.v Line: 33
Info (10041): Inferred latch for "rs1_addr_o[0]" at inst_id.v(33) File: D:/intelFPGA_lite/17.1/MCU/rwRAM/inst_id.v Line: 33
Info (10041): Inferred latch for "rs1_addr_o[1]" at inst_id.v(33) File: D:/intelFPGA_lite/17.1/MCU/rwRAM/inst_id.v Line: 33
Info (10041): Inferred latch for "rs1_addr_o[2]" at inst_id.v(33) File: D:/intelFPGA_lite/17.1/MCU/rwRAM/inst_id.v Line: 33
Info (10041): Inferred latch for "rs1_addr_o[3]" at inst_id.v(33) File: D:/intelFPGA_lite/17.1/MCU/rwRAM/inst_id.v Line: 33
Info (10041): Inferred latch for "rs1_addr_o[4]" at inst_id.v(33) File: D:/intelFPGA_lite/17.1/MCU/rwRAM/inst_id.v Line: 33
Warning (12125): Using design file regs.v, which is not specified as a design file for the current project, but contains definitions for 1 design units and 1 entities in project
    Info (12023): Found entity 1: regs File: D:/intelFPGA_lite/17.1/MCU/rwRAM/regs.v Line: 1
Info (12128): Elaborating entity "regs" for hierarchy "regs:inst1"
Warning (10855): Verilog HDL warning at regs.v(20): initial value for variable regs should be constant File: D:/intelFPGA_lite/17.1/MCU/rwRAM/regs.v Line: 20
Warning (12125): Using design file ex.v, which is not specified as a design file for the current project, but contains definitions for 1 design units and 1 entities in project
    Info (12023): Found entity 1: ex File: D:/intelFPGA_lite/17.1/MCU/rwRAM/ex.v Line: 1
Info (12128): Elaborating entity "ex" for hierarchy "ex:inst3"
Warning (10036): Verilog HDL or VHDL warning at ex.v(18): object "rd" assigned a value but never read File: D:/intelFPGA_lite/17.1/MCU/rwRAM/ex.v Line: 18
Warning (10036): Verilog HDL or VHDL warning at ex.v(20): object "rs1" assigned a value but never read File: D:/intelFPGA_lite/17.1/MCU/rwRAM/ex.v Line: 20
Warning (10036): Verilog HDL or VHDL warning at ex.v(21): object "rs2" assigned a value but never read File: D:/intelFPGA_lite/17.1/MCU/rwRAM/ex.v Line: 21
Warning (10036): Verilog HDL or VHDL warning at ex.v(22): object "imm" assigned a value but never read File: D:/intelFPGA_lite/17.1/MCU/rwRAM/ex.v Line: 22
Warning (10230): Verilog HDL assignment warning at ex.v(33): truncated value with size 33 to match size of target (32) File: D:/intelFPGA_lite/17.1/MCU/rwRAM/ex.v Line: 33
Warning (10240): Verilog HDL Always Construct warning at ex.v(39): inferring latch(es) for variable "rd_data_o", which holds its previous value in one or more paths through the always construct File: D:/intelFPGA_lite/17.1/MCU/rwRAM/ex.v Line: 39
Warning (10240): Verilog HDL Always Construct warning at ex.v(39): inferring latch(es) for variable "rd_addr_o", which holds its previous value in one or more paths through the always construct File: D:/intelFPGA_lite/17.1/MCU/rwRAM/ex.v Line: 39
Warning (10240): Verilog HDL Always Construct warning at ex.v(39): inferring latch(es) for variable "rd_write_en", which holds its previous value in one or more paths through the always construct File: D:/intelFPGA_lite/17.1/MCU/rwRAM/ex.v Line: 39
Warning (10240): Verilog HDL Always Construct warning at ex.v(39): inferring latch(es) for variable "jump_addr_o", which holds its previous value in one or more paths through the always construct File: D:/intelFPGA_lite/17.1/MCU/rwRAM/ex.v Line: 39
Warning (10240): Verilog HDL Always Construct warning at ex.v(39): inferring latch(es) for variable "jump_en_o", which holds its previous value in one or more paths through the always construct File: D:/intelFPGA_lite/17.1/MCU/rwRAM/ex.v Line: 39
Warning (10240): Verilog HDL Always Construct warning at ex.v(39): inferring latch(es) for variable "hold_flag_o", which holds its previous value in one or more paths through the always construct File: D:/intelFPGA_lite/17.1/MCU/rwRAM/ex.v Line: 39
Info (10041): Inferred latch for "hold_flag_o" at ex.v(39) File: D:/intelFPGA_lite/17.1/MCU/rwRAM/ex.v Line: 39
Info (10041): Inferred latch for "jump_en_o" at ex.v(39) File: D:/intelFPGA_lite/17.1/MCU/rwRAM/ex.v Line: 39
Info (10041): Inferred latch for "jump_addr_o[0]" at ex.v(39) File: D:/intelFPGA_lite/17.1/MCU/rwRAM/ex.v Line: 39
Info (10041): Inferred latch for "jump_addr_o[1]" at ex.v(39) File: D:/intelFPGA_lite/17.1/MCU/rwRAM/ex.v Line: 39
Info (10041): Inferred latch for "jump_addr_o[2]" at ex.v(39) File: D:/intelFPGA_lite/17.1/MCU/rwRAM/ex.v Line: 39
Info (10041): Inferred latch for "jump_addr_o[3]" at ex.v(39) File: D:/intelFPGA_lite/17.1/MCU/rwRAM/ex.v Line: 39
Info (10041): Inferred latch for "jump_addr_o[4]" at ex.v(39) File: D:/intelFPGA_lite/17.1/MCU/rwRAM/ex.v Line: 39
Info (10041): Inferred latch for "jump_addr_o[5]" at ex.v(39) File: D:/intelFPGA_lite/17.1/MCU/rwRAM/ex.v Line: 39
Info (10041): Inferred latch for "jump_addr_o[6]" at ex.v(39) File: D:/intelFPGA_lite/17.1/MCU/rwRAM/ex.v Line: 39
Info (10041): Inferred latch for "jump_addr_o[7]" at ex.v(39) File: D:/intelFPGA_lite/17.1/MCU/rwRAM/ex.v Line: 39
Info (10041): Inferred latch for "jump_addr_o[8]" at ex.v(39) File: D:/intelFPGA_lite/17.1/MCU/rwRAM/ex.v Line: 39
Info (10041): Inferred latch for "jump_addr_o[9]" at ex.v(39) File: D:/intelFPGA_lite/17.1/MCU/rwRAM/ex.v Line: 39
Info (10041): Inferred latch for "jump_addr_o[10]" at ex.v(39) File: D:/intelFPGA_lite/17.1/MCU/rwRAM/ex.v Line: 39
Info (10041): Inferred latch for "jump_addr_o[11]" at ex.v(39) File: D:/intelFPGA_lite/17.1/MCU/rwRAM/ex.v Line: 39
Info (10041): Inferred latch for "jump_addr_o[12]" at ex.v(39) File: D:/intelFPGA_lite/17.1/MCU/rwRAM/ex.v Line: 39
Info (10041): Inferred latch for "jump_addr_o[13]" at ex.v(39) File: D:/intelFPGA_lite/17.1/MCU/rwRAM/ex.v Line: 39
Info (10041): Inferred latch for "jump_addr_o[14]" at ex.v(39) File: D:/intelFPGA_lite/17.1/MCU/rwRAM/ex.v Line: 39
Info (10041): Inferred latch for "jump_addr_o[15]" at ex.v(39) File: D:/intelFPGA_lite/17.1/MCU/rwRAM/ex.v Line: 39
Info (10041): Inferred latch for "jump_addr_o[16]" at ex.v(39) File: D:/intelFPGA_lite/17.1/MCU/rwRAM/ex.v Line: 39
Info (10041): Inferred latch for "jump_addr_o[17]" at ex.v(39) File: D:/intelFPGA_lite/17.1/MCU/rwRAM/ex.v Line: 39
Info (10041): Inferred latch for "jump_addr_o[18]" at ex.v(39) File: D:/intelFPGA_lite/17.1/MCU/rwRAM/ex.v Line: 39
Info (10041): Inferred latch for "jump_addr_o[19]" at ex.v(39) File: D:/intelFPGA_lite/17.1/MCU/rwRAM/ex.v Line: 39
Info (10041): Inferred latch for "jump_addr_o[20]" at ex.v(39) File: D:/intelFPGA_lite/17.1/MCU/rwRAM/ex.v Line: 39
Info (10041): Inferred latch for "jump_addr_o[21]" at ex.v(39) File: D:/intelFPGA_lite/17.1/MCU/rwRAM/ex.v Line: 39
Info (10041): Inferred latch for "jump_addr_o[22]" at ex.v(39) File: D:/intelFPGA_lite/17.1/MCU/rwRAM/ex.v Line: 39
Info (10041): Inferred latch for "jump_addr_o[23]" at ex.v(39) File: D:/intelFPGA_lite/17.1/MCU/rwRAM/ex.v Line: 39
Info (10041): Inferred latch for "jump_addr_o[24]" at ex.v(39) File: D:/intelFPGA_lite/17.1/MCU/rwRAM/ex.v Line: 39
Info (10041): Inferred latch for "jump_addr_o[25]" at ex.v(39) File: D:/intelFPGA_lite/17.1/MCU/rwRAM/ex.v Line: 39
Info (10041): Inferred latch for "jump_addr_o[26]" at ex.v(39) File: D:/intelFPGA_lite/17.1/MCU/rwRAM/ex.v Line: 39
Info (10041): Inferred latch for "jump_addr_o[27]" at ex.v(39) File: D:/intelFPGA_lite/17.1/MCU/rwRAM/ex.v Line: 39
Info (10041): Inferred latch for "jump_addr_o[28]" at ex.v(39) File: D:/intelFPGA_lite/17.1/MCU/rwRAM/ex.v Line: 39
Info (10041): Inferred latch for "jump_addr_o[29]" at ex.v(39) File: D:/intelFPGA_lite/17.1/MCU/rwRAM/ex.v Line: 39
Info (10041): Inferred latch for "jump_addr_o[30]" at ex.v(39) File: D:/intelFPGA_lite/17.1/MCU/rwRAM/ex.v Line: 39
Info (10041): Inferred latch for "jump_addr_o[31]" at ex.v(39) File: D:/intelFPGA_lite/17.1/MCU/rwRAM/ex.v Line: 39
Info (10041): Inferred latch for "rd_write_en" at ex.v(39) File: D:/intelFPGA_lite/17.1/MCU/rwRAM/ex.v Line: 39
Info (10041): Inferred latch for "rd_addr_o[0]" at ex.v(39) File: D:/intelFPGA_lite/17.1/MCU/rwRAM/ex.v Line: 39
Info (10041): Inferred latch for "rd_addr_o[1]" at ex.v(39) File: D:/intelFPGA_lite/17.1/MCU/rwRAM/ex.v Line: 39
Info (10041): Inferred latch for "rd_addr_o[2]" at ex.v(39) File: D:/intelFPGA_lite/17.1/MCU/rwRAM/ex.v Line: 39
Info (10041): Inferred latch for "rd_addr_o[3]" at ex.v(39) File: D:/intelFPGA_lite/17.1/MCU/rwRAM/ex.v Line: 39
Info (10041): Inferred latch for "rd_addr_o[4]" at ex.v(39) File: D:/intelFPGA_lite/17.1/MCU/rwRAM/ex.v Line: 39
Info (10041): Inferred latch for "rd_data_o[0]" at ex.v(39) File: D:/intelFPGA_lite/17.1/MCU/rwRAM/ex.v Line: 39
Info (10041): Inferred latch for "rd_data_o[1]" at ex.v(39) File: D:/intelFPGA_lite/17.1/MCU/rwRAM/ex.v Line: 39
Info (10041): Inferred latch for "rd_data_o[2]" at ex.v(39) File: D:/intelFPGA_lite/17.1/MCU/rwRAM/ex.v Line: 39
Info (10041): Inferred latch for "rd_data_o[3]" at ex.v(39) File: D:/intelFPGA_lite/17.1/MCU/rwRAM/ex.v Line: 39
Info (10041): Inferred latch for "rd_data_o[4]" at ex.v(39) File: D:/intelFPGA_lite/17.1/MCU/rwRAM/ex.v Line: 39
Info (10041): Inferred latch for "rd_data_o[5]" at ex.v(39) File: D:/intelFPGA_lite/17.1/MCU/rwRAM/ex.v Line: 39
Info (10041): Inferred latch for "rd_data_o[6]" at ex.v(39) File: D:/intelFPGA_lite/17.1/MCU/rwRAM/ex.v Line: 39
Info (10041): Inferred latch for "rd_data_o[7]" at ex.v(39) File: D:/intelFPGA_lite/17.1/MCU/rwRAM/ex.v Line: 39
Info (10041): Inferred latch for "rd_data_o[8]" at ex.v(39) File: D:/intelFPGA_lite/17.1/MCU/rwRAM/ex.v Line: 39
Info (10041): Inferred latch for "rd_data_o[9]" at ex.v(39) File: D:/intelFPGA_lite/17.1/MCU/rwRAM/ex.v Line: 39
Info (10041): Inferred latch for "rd_data_o[10]" at ex.v(39) File: D:/intelFPGA_lite/17.1/MCU/rwRAM/ex.v Line: 39
Info (10041): Inferred latch for "rd_data_o[11]" at ex.v(39) File: D:/intelFPGA_lite/17.1/MCU/rwRAM/ex.v Line: 39
Info (10041): Inferred latch for "rd_data_o[12]" at ex.v(39) File: D:/intelFPGA_lite/17.1/MCU/rwRAM/ex.v Line: 39
Info (10041): Inferred latch for "rd_data_o[13]" at ex.v(39) File: D:/intelFPGA_lite/17.1/MCU/rwRAM/ex.v Line: 39
Info (10041): Inferred latch for "rd_data_o[14]" at ex.v(39) File: D:/intelFPGA_lite/17.1/MCU/rwRAM/ex.v Line: 39
Info (10041): Inferred latch for "rd_data_o[15]" at ex.v(39) File: D:/intelFPGA_lite/17.1/MCU/rwRAM/ex.v Line: 39
Info (10041): Inferred latch for "rd_data_o[16]" at ex.v(39) File: D:/intelFPGA_lite/17.1/MCU/rwRAM/ex.v Line: 39
Info (10041): Inferred latch for "rd_data_o[17]" at ex.v(39) File: D:/intelFPGA_lite/17.1/MCU/rwRAM/ex.v Line: 39
Info (10041): Inferred latch for "rd_data_o[18]" at ex.v(39) File: D:/intelFPGA_lite/17.1/MCU/rwRAM/ex.v Line: 39
Info (10041): Inferred latch for "rd_data_o[19]" at ex.v(39) File: D:/intelFPGA_lite/17.1/MCU/rwRAM/ex.v Line: 39
Info (10041): Inferred latch for "rd_data_o[20]" at ex.v(39) File: D:/intelFPGA_lite/17.1/MCU/rwRAM/ex.v Line: 39
Info (10041): Inferred latch for "rd_data_o[21]" at ex.v(39) File: D:/intelFPGA_lite/17.1/MCU/rwRAM/ex.v Line: 39
Info (10041): Inferred latch for "rd_data_o[22]" at ex.v(39) File: D:/intelFPGA_lite/17.1/MCU/rwRAM/ex.v Line: 39
Info (10041): Inferred latch for "rd_data_o[23]" at ex.v(39) File: D:/intelFPGA_lite/17.1/MCU/rwRAM/ex.v Line: 39
Info (10041): Inferred latch for "rd_data_o[24]" at ex.v(39) File: D:/intelFPGA_lite/17.1/MCU/rwRAM/ex.v Line: 39
Info (10041): Inferred latch for "rd_data_o[25]" at ex.v(39) File: D:/intelFPGA_lite/17.1/MCU/rwRAM/ex.v Line: 39
Info (10041): Inferred latch for "rd_data_o[26]" at ex.v(39) File: D:/intelFPGA_lite/17.1/MCU/rwRAM/ex.v Line: 39
Info (10041): Inferred latch for "rd_data_o[27]" at ex.v(39) File: D:/intelFPGA_lite/17.1/MCU/rwRAM/ex.v Line: 39
Info (10041): Inferred latch for "rd_data_o[28]" at ex.v(39) File: D:/intelFPGA_lite/17.1/MCU/rwRAM/ex.v Line: 39
Info (10041): Inferred latch for "rd_data_o[29]" at ex.v(39) File: D:/intelFPGA_lite/17.1/MCU/rwRAM/ex.v Line: 39
Info (10041): Inferred latch for "rd_data_o[30]" at ex.v(39) File: D:/intelFPGA_lite/17.1/MCU/rwRAM/ex.v Line: 39
Info (10041): Inferred latch for "rd_data_o[31]" at ex.v(39) File: D:/intelFPGA_lite/17.1/MCU/rwRAM/ex.v Line: 39
Warning (13012): Latch ex:inst3|jump_addr_o[12] has unsafe behavior File: D:/intelFPGA_lite/17.1/MCU/rwRAM/ex.v Line: 39
    Warning (13013): Ports D and ENA on the latch are fed by the same signal inst_i[6]
Warning (13012): Latch ex:inst3|jump_addr_o[11] has unsafe behavior File: D:/intelFPGA_lite/17.1/MCU/rwRAM/ex.v Line: 39
    Warning (13013): Ports D and ENA on the latch are fed by the same signal inst_i[6]
Warning (13012): Latch ex:inst3|jump_addr_o[10] has unsafe behavior File: D:/intelFPGA_lite/17.1/MCU/rwRAM/ex.v Line: 39
    Warning (13013): Ports D and ENA on the latch are fed by the same signal inst_i[6]
Warning (13012): Latch ex:inst3|jump_addr_o[9] has unsafe behavior File: D:/intelFPGA_lite/17.1/MCU/rwRAM/ex.v Line: 39
    Warning (13013): Ports D and ENA on the latch are fed by the same signal inst_i[6]
Warning (13012): Latch ex:inst3|jump_addr_o[8] has unsafe behavior File: D:/intelFPGA_lite/17.1/MCU/rwRAM/ex.v Line: 39
    Warning (13013): Ports D and ENA on the latch are fed by the same signal inst_i[6]
Warning (13012): Latch ex:inst3|jump_addr_o[7] has unsafe behavior File: D:/intelFPGA_lite/17.1/MCU/rwRAM/ex.v Line: 39
    Warning (13013): Ports D and ENA on the latch are fed by the same signal inst_i[6]
Warning (13012): Latch ex:inst3|jump_addr_o[6] has unsafe behavior File: D:/intelFPGA_lite/17.1/MCU/rwRAM/ex.v Line: 39
    Warning (13013): Ports D and ENA on the latch are fed by the same signal inst_i[6]
Warning (13012): Latch ex:inst3|jump_addr_o[5] has unsafe behavior File: D:/intelFPGA_lite/17.1/MCU/rwRAM/ex.v Line: 39
    Warning (13013): Ports D and ENA on the latch are fed by the same signal inst_i[6]
Warning (13012): Latch ex:inst3|jump_addr_o[4] has unsafe behavior File: D:/intelFPGA_lite/17.1/MCU/rwRAM/ex.v Line: 39
    Warning (13013): Ports D and ENA on the latch are fed by the same signal inst_i[6]
Warning (13012): Latch ex:inst3|jump_addr_o[3] has unsafe behavior File: D:/intelFPGA_lite/17.1/MCU/rwRAM/ex.v Line: 39
    Warning (13013): Ports D and ENA on the latch are fed by the same signal inst_i[6]
Warning (13012): Latch ex:inst3|jump_addr_o[2] has unsafe behavior File: D:/intelFPGA_lite/17.1/MCU/rwRAM/ex.v Line: 39
    Warning (13013): Ports D and ENA on the latch are fed by the same signal inst_i[6]
Warning (13012): Latch ex:inst3|jump_addr_o[1] has unsafe behavior File: D:/intelFPGA_lite/17.1/MCU/rwRAM/ex.v Line: 39
    Warning (13013): Ports D and ENA on the latch are fed by the same signal inst_i[6]
Warning (13012): Latch inst_id:inst|op1_o[31] has unsafe behavior File: D:/intelFPGA_lite/17.1/MCU/rwRAM/inst_id.v Line: 33
    Warning (13013): Ports D and ENA on the latch are fed by the same signal inst_i[3]
Warning (13012): Latch inst_id:inst|op1_o[30] has unsafe behavior File: D:/intelFPGA_lite/17.1/MCU/rwRAM/inst_id.v Line: 33
    Warning (13013): Ports D and ENA on the latch are fed by the same signal inst_i[3]
Warning (13012): Latch inst_id:inst|op1_o[29] has unsafe behavior File: D:/intelFPGA_lite/17.1/MCU/rwRAM/inst_id.v Line: 33
    Warning (13013): Ports D and ENA on the latch are fed by the same signal inst_i[3]
Warning (13012): Latch inst_id:inst|op1_o[28] has unsafe behavior File: D:/intelFPGA_lite/17.1/MCU/rwRAM/inst_id.v Line: 33
    Warning (13013): Ports D and ENA on the latch are fed by the same signal inst_i[3]
Warning (13012): Latch inst_id:inst|op1_o[27] has unsafe behavior File: D:/intelFPGA_lite/17.1/MCU/rwRAM/inst_id.v Line: 33
    Warning (13013): Ports D and ENA on the latch are fed by the same signal inst_i[3]
Warning (13012): Latch inst_id:inst|op1_o[26] has unsafe behavior File: D:/intelFPGA_lite/17.1/MCU/rwRAM/inst_id.v Line: 33
    Warning (13013): Ports D and ENA on the latch are fed by the same signal inst_i[3]
Warning (13012): Latch inst_id:inst|op1_o[25] has unsafe behavior File: D:/intelFPGA_lite/17.1/MCU/rwRAM/inst_id.v Line: 33
    Warning (13013): Ports D and ENA on the latch are fed by the same signal inst_i[3]
Warning (13012): Latch inst_id:inst|op1_o[24] has unsafe behavior File: D:/intelFPGA_lite/17.1/MCU/rwRAM/inst_id.v Line: 33
    Warning (13013): Ports D and ENA on the latch are fed by the same signal inst_i[3]
Warning (13012): Latch inst_id:inst|op1_o[23] has unsafe behavior File: D:/intelFPGA_lite/17.1/MCU/rwRAM/inst_id.v Line: 33
    Warning (13013): Ports D and ENA on the latch are fed by the same signal inst_i[3]
Warning (13012): Latch inst_id:inst|op1_o[22] has unsafe behavior File: D:/intelFPGA_lite/17.1/MCU/rwRAM/inst_id.v Line: 33
    Warning (13013): Ports D and ENA on the latch are fed by the same signal inst_i[3]
Warning (13012): Latch inst_id:inst|op1_o[21] has unsafe behavior File: D:/intelFPGA_lite/17.1/MCU/rwRAM/inst_id.v Line: 33
    Warning (13013): Ports D and ENA on the latch are fed by the same signal inst_i[3]
Warning (13012): Latch inst_id:inst|op1_o[20] has unsafe behavior File: D:/intelFPGA_lite/17.1/MCU/rwRAM/inst_id.v Line: 33
    Warning (13013): Ports D and ENA on the latch are fed by the same signal inst_i[3]
Warning (13012): Latch inst_id:inst|op1_o[19] has unsafe behavior File: D:/intelFPGA_lite/17.1/MCU/rwRAM/inst_id.v Line: 33
    Warning (13013): Ports D and ENA on the latch are fed by the same signal inst_i[3]
Warning (13012): Latch inst_id:inst|op1_o[18] has unsafe behavior File: D:/intelFPGA_lite/17.1/MCU/rwRAM/inst_id.v Line: 33
    Warning (13013): Ports D and ENA on the latch are fed by the same signal inst_i[3]
Warning (13012): Latch inst_id:inst|op1_o[17] has unsafe behavior File: D:/intelFPGA_lite/17.1/MCU/rwRAM/inst_id.v Line: 33
    Warning (13013): Ports D and ENA on the latch are fed by the same signal inst_i[3]
Warning (13012): Latch inst_id:inst|op1_o[16] has unsafe behavior File: D:/intelFPGA_lite/17.1/MCU/rwRAM/inst_id.v Line: 33
    Warning (13013): Ports D and ENA on the latch are fed by the same signal inst_i[3]
Warning (13012): Latch inst_id:inst|op1_o[15] has unsafe behavior File: D:/intelFPGA_lite/17.1/MCU/rwRAM/inst_id.v Line: 33
    Warning (13013): Ports D and ENA on the latch are fed by the same signal inst_i[3]
Warning (13012): Latch inst_id:inst|op1_o[14] has unsafe behavior File: D:/intelFPGA_lite/17.1/MCU/rwRAM/inst_id.v Line: 33
    Warning (13013): Ports D and ENA on the latch are fed by the same signal inst_i[3]
Warning (13012): Latch inst_id:inst|op1_o[13] has unsafe behavior File: D:/intelFPGA_lite/17.1/MCU/rwRAM/inst_id.v Line: 33
    Warning (13013): Ports D and ENA on the latch are fed by the same signal inst_i[3]
Warning (13012): Latch inst_id:inst|op1_o[12] has unsafe behavior File: D:/intelFPGA_lite/17.1/MCU/rwRAM/inst_id.v Line: 33
    Warning (13013): Ports D and ENA on the latch are fed by the same signal inst_i[3]
Warning (13012): Latch inst_id:inst|op1_o[11] has unsafe behavior File: D:/intelFPGA_lite/17.1/MCU/rwRAM/inst_id.v Line: 33
    Warning (13013): Ports D and ENA on the latch are fed by the same signal inst_i[3]
Warning (13012): Latch inst_id:inst|op1_o[10] has unsafe behavior File: D:/intelFPGA_lite/17.1/MCU/rwRAM/inst_id.v Line: 33
    Warning (13013): Ports D and ENA on the latch are fed by the same signal inst_i[3]
Warning (13012): Latch inst_id:inst|op1_o[9] has unsafe behavior File: D:/intelFPGA_lite/17.1/MCU/rwRAM/inst_id.v Line: 33
    Warning (13013): Ports D and ENA on the latch are fed by the same signal inst_i[3]
Warning (13012): Latch inst_id:inst|op1_o[8] has unsafe behavior File: D:/intelFPGA_lite/17.1/MCU/rwRAM/inst_id.v Line: 33
    Warning (13013): Ports D and ENA on the latch are fed by the same signal inst_i[3]
Warning (13012): Latch inst_id:inst|op1_o[7] has unsafe behavior File: D:/intelFPGA_lite/17.1/MCU/rwRAM/inst_id.v Line: 33
    Warning (13013): Ports D and ENA on the latch are fed by the same signal inst_i[3]
Warning (13012): Latch inst_id:inst|op1_o[6] has unsafe behavior File: D:/intelFPGA_lite/17.1/MCU/rwRAM/inst_id.v Line: 33
    Warning (13013): Ports D and ENA on the latch are fed by the same signal inst_i[3]
Warning (13012): Latch inst_id:inst|op1_o[5] has unsafe behavior File: D:/intelFPGA_lite/17.1/MCU/rwRAM/inst_id.v Line: 33
    Warning (13013): Ports D and ENA on the latch are fed by the same signal inst_i[3]
Warning (13012): Latch inst_id:inst|op1_o[4] has unsafe behavior File: D:/intelFPGA_lite/17.1/MCU/rwRAM/inst_id.v Line: 33
    Warning (13013): Ports D and ENA on the latch are fed by the same signal inst_i[3]
Warning (13012): Latch inst_id:inst|op1_o[3] has unsafe behavior File: D:/intelFPGA_lite/17.1/MCU/rwRAM/inst_id.v Line: 33
    Warning (13013): Ports D and ENA on the latch are fed by the same signal inst_i[3]
Warning (13012): Latch inst_id:inst|op1_o[2] has unsafe behavior File: D:/intelFPGA_lite/17.1/MCU/rwRAM/inst_id.v Line: 33
    Warning (13013): Ports D and ENA on the latch are fed by the same signal inst_i[3]
Warning (13012): Latch inst_id:inst|op1_o[1] has unsafe behavior File: D:/intelFPGA_lite/17.1/MCU/rwRAM/inst_id.v Line: 33
    Warning (13013): Ports D and ENA on the latch are fed by the same signal inst_i[3]
Warning (13012): Latch inst_id:inst|op1_o[0] has unsafe behavior File: D:/intelFPGA_lite/17.1/MCU/rwRAM/inst_id.v Line: 33
    Warning (13013): Ports D and ENA on the latch are fed by the same signal inst_i[3]
Warning (13012): Latch inst_id:inst|op2_o[31] has unsafe behavior File: D:/intelFPGA_lite/17.1/MCU/rwRAM/inst_id.v Line: 33
    Warning (13013): Ports D and ENA on the latch are fed by the same signal inst_i[31]
Warning (13012): Latch inst_id:inst|op2_o[30] has unsafe behavior File: D:/intelFPGA_lite/17.1/MCU/rwRAM/inst_id.v Line: 33
    Warning (13013): Ports D and ENA on the latch are fed by the same signal inst_i[31]
Warning (13012): Latch inst_id:inst|op2_o[29] has unsafe behavior File: D:/intelFPGA_lite/17.1/MCU/rwRAM/inst_id.v Line: 33
    Warning (13013): Ports D and ENA on the latch are fed by the same signal inst_i[31]
Warning (13012): Latch inst_id:inst|op2_o[28] has unsafe behavior File: D:/intelFPGA_lite/17.1/MCU/rwRAM/inst_id.v Line: 33
    Warning (13013): Ports D and ENA on the latch are fed by the same signal inst_i[31]
Warning (13012): Latch inst_id:inst|op2_o[27] has unsafe behavior File: D:/intelFPGA_lite/17.1/MCU/rwRAM/inst_id.v Line: 33
    Warning (13013): Ports D and ENA on the latch are fed by the same signal inst_i[31]
Warning (13012): Latch inst_id:inst|op2_o[26] has unsafe behavior File: D:/intelFPGA_lite/17.1/MCU/rwRAM/inst_id.v Line: 33
    Warning (13013): Ports D and ENA on the latch are fed by the same signal inst_i[31]
Warning (13012): Latch inst_id:inst|op2_o[25] has unsafe behavior File: D:/intelFPGA_lite/17.1/MCU/rwRAM/inst_id.v Line: 33
    Warning (13013): Ports D and ENA on the latch are fed by the same signal inst_i[31]
Warning (13012): Latch inst_id:inst|op2_o[24] has unsafe behavior File: D:/intelFPGA_lite/17.1/MCU/rwRAM/inst_id.v Line: 33
    Warning (13013): Ports D and ENA on the latch are fed by the same signal inst_i[31]
Warning (13012): Latch inst_id:inst|op2_o[23] has unsafe behavior File: D:/intelFPGA_lite/17.1/MCU/rwRAM/inst_id.v Line: 33
    Warning (13013): Ports D and ENA on the latch are fed by the same signal inst_i[31]
Warning (13012): Latch inst_id:inst|op2_o[22] has unsafe behavior File: D:/intelFPGA_lite/17.1/MCU/rwRAM/inst_id.v Line: 33
    Warning (13013): Ports D and ENA on the latch are fed by the same signal inst_i[31]
Warning (13012): Latch inst_id:inst|op2_o[21] has unsafe behavior File: D:/intelFPGA_lite/17.1/MCU/rwRAM/inst_id.v Line: 33
    Warning (13013): Ports D and ENA on the latch are fed by the same signal inst_i[31]
Warning (13012): Latch inst_id:inst|op2_o[20] has unsafe behavior File: D:/intelFPGA_lite/17.1/MCU/rwRAM/inst_id.v Line: 33
    Warning (13013): Ports D and ENA on the latch are fed by the same signal inst_i[31]
Warning (13012): Latch inst_id:inst|op2_o[19] has unsafe behavior File: D:/intelFPGA_lite/17.1/MCU/rwRAM/inst_id.v Line: 33
    Warning (13013): Ports D and ENA on the latch are fed by the same signal inst_i[31]
Warning (13012): Latch inst_id:inst|op2_o[18] has unsafe behavior File: D:/intelFPGA_lite/17.1/MCU/rwRAM/inst_id.v Line: 33
    Warning (13013): Ports D and ENA on the latch are fed by the same signal inst_i[31]
Warning (13012): Latch inst_id:inst|op2_o[17] has unsafe behavior File: D:/intelFPGA_lite/17.1/MCU/rwRAM/inst_id.v Line: 33
    Warning (13013): Ports D and ENA on the latch are fed by the same signal inst_i[31]
Warning (13012): Latch inst_id:inst|op2_o[16] has unsafe behavior File: D:/intelFPGA_lite/17.1/MCU/rwRAM/inst_id.v Line: 33
    Warning (13013): Ports D and ENA on the latch are fed by the same signal inst_i[31]
Warning (13012): Latch inst_id:inst|op2_o[15] has unsafe behavior File: D:/intelFPGA_lite/17.1/MCU/rwRAM/inst_id.v Line: 33
    Warning (13013): Ports D and ENA on the latch are fed by the same signal inst_i[31]
Warning (13012): Latch inst_id:inst|op2_o[14] has unsafe behavior File: D:/intelFPGA_lite/17.1/MCU/rwRAM/inst_id.v Line: 33
    Warning (13013): Ports D and ENA on the latch are fed by the same signal inst_i[31]
Warning (13012): Latch inst_id:inst|op2_o[13] has unsafe behavior File: D:/intelFPGA_lite/17.1/MCU/rwRAM/inst_id.v Line: 33
    Warning (13013): Ports D and ENA on the latch are fed by the same signal inst_i[31]
Warning (13012): Latch inst_id:inst|op2_o[12] has unsafe behavior File: D:/intelFPGA_lite/17.1/MCU/rwRAM/inst_id.v Line: 33
    Warning (13013): Ports D and ENA on the latch are fed by the same signal inst_i[31]
Warning (13012): Latch inst_id:inst|op2_o[11] has unsafe behavior File: D:/intelFPGA_lite/17.1/MCU/rwRAM/inst_id.v Line: 33
    Warning (13013): Ports D and ENA on the latch are fed by the same signal inst_i[31]
Warning (13012): Latch inst_id:inst|op2_o[10] has unsafe behavior File: D:/intelFPGA_lite/17.1/MCU/rwRAM/inst_id.v Line: 33
    Warning (13013): Ports D and ENA on the latch are fed by the same signal inst_i[30]
Warning (13012): Latch inst_id:inst|op2_o[9] has unsafe behavior File: D:/intelFPGA_lite/17.1/MCU/rwRAM/inst_id.v Line: 33
    Warning (13013): Ports D and ENA on the latch are fed by the same signal inst_i[29]
Warning (13012): Latch inst_id:inst|op2_o[8] has unsafe behavior File: D:/intelFPGA_lite/17.1/MCU/rwRAM/inst_id.v Line: 33
    Warning (13013): Ports D and ENA on the latch are fed by the same signal inst_i[28]
Warning (13012): Latch inst_id:inst|op2_o[7] has unsafe behavior File: D:/intelFPGA_lite/17.1/MCU/rwRAM/inst_id.v Line: 33
    Warning (13013): Ports D and ENA on the latch are fed by the same signal inst_i[27]
Warning (13012): Latch inst_id:inst|op2_o[6] has unsafe behavior File: D:/intelFPGA_lite/17.1/MCU/rwRAM/inst_id.v Line: 33
    Warning (13013): Ports D and ENA on the latch are fed by the same signal inst_i[26]
Warning (13012): Latch inst_id:inst|op2_o[5] has unsafe behavior File: D:/intelFPGA_lite/17.1/MCU/rwRAM/inst_id.v Line: 33
    Warning (13013): Ports D and ENA on the latch are fed by the same signal inst_i[25]
Warning (13012): Latch inst_id:inst|op2_o[4] has unsafe behavior File: D:/intelFPGA_lite/17.1/MCU/rwRAM/inst_id.v Line: 33
    Warning (13013): Ports D and ENA on the latch are fed by the same signal inst_i[6]
Warning (13012): Latch inst_id:inst|op2_o[3] has unsafe behavior File: D:/intelFPGA_lite/17.1/MCU/rwRAM/inst_id.v Line: 33
    Warning (13013): Ports D and ENA on the latch are fed by the same signal inst_i[6]
Warning (13012): Latch inst_id:inst|op2_o[2] has unsafe behavior File: D:/intelFPGA_lite/17.1/MCU/rwRAM/inst_id.v Line: 33
    Warning (13013): Ports D and ENA on the latch are fed by the same signal inst_i[6]
Warning (13012): Latch inst_id:inst|op2_o[1] has unsafe behavior File: D:/intelFPGA_lite/17.1/MCU/rwRAM/inst_id.v Line: 33
    Warning (13013): Ports D and ENA on the latch are fed by the same signal inst_i[6]
Warning (13012): Latch inst_id:inst|op2_o[0] has unsafe behavior File: D:/intelFPGA_lite/17.1/MCU/rwRAM/inst_id.v Line: 33
    Warning (13013): Ports D and ENA on the latch are fed by the same signal inst_i[6]
Warning (13012): Latch inst_id:inst|rd_addr_o[4] has unsafe behavior File: D:/intelFPGA_lite/17.1/MCU/rwRAM/inst_id.v Line: 33
    Warning (13013): Ports D and ENA on the latch are fed by the same signal inst_i[5]
Warning (13012): Latch inst_id:inst|rd_addr_o[3] has unsafe behavior File: D:/intelFPGA_lite/17.1/MCU/rwRAM/inst_id.v Line: 33
    Warning (13013): Ports D and ENA on the latch are fed by the same signal inst_i[5]
Warning (13012): Latch inst_id:inst|rd_addr_o[2] has unsafe behavior File: D:/intelFPGA_lite/17.1/MCU/rwRAM/inst_id.v Line: 33
    Warning (13013): Ports D and ENA on the latch are fed by the same signal inst_i[5]
Warning (13012): Latch inst_id:inst|rd_addr_o[1] has unsafe behavior File: D:/intelFPGA_lite/17.1/MCU/rwRAM/inst_id.v Line: 33
    Warning (13013): Ports D and ENA on the latch are fed by the same signal inst_i[5]
Warning (13012): Latch inst_id:inst|rd_addr_o[0] has unsafe behavior File: D:/intelFPGA_lite/17.1/MCU/rwRAM/inst_id.v Line: 33
    Warning (13013): Ports D and ENA on the latch are fed by the same signal inst_i[5]
Warning (13012): Latch ex:inst3|rd_data_o[31] has unsafe behavior File: D:/intelFPGA_lite/17.1/MCU/rwRAM/ex.v Line: 39
    Warning (13013): Ports D and ENA on the latch are fed by the same signal inst_i[5]
Warning (13012): Latch ex:inst3|rd_data_o[30] has unsafe behavior File: D:/intelFPGA_lite/17.1/MCU/rwRAM/ex.v Line: 39
    Warning (13013): Ports D and ENA on the latch are fed by the same signal inst_i[5]
Warning (13012): Latch ex:inst3|rd_data_o[29] has unsafe behavior File: D:/intelFPGA_lite/17.1/MCU/rwRAM/ex.v Line: 39
    Warning (13013): Ports D and ENA on the latch are fed by the same signal inst_i[5]
Warning (13012): Latch ex:inst3|rd_data_o[28] has unsafe behavior File: D:/intelFPGA_lite/17.1/MCU/rwRAM/ex.v Line: 39
    Warning (13013): Ports D and ENA on the latch are fed by the same signal inst_i[5]
Warning (13012): Latch ex:inst3|rd_data_o[27] has unsafe behavior File: D:/intelFPGA_lite/17.1/MCU/rwRAM/ex.v Line: 39
    Warning (13013): Ports D and ENA on the latch are fed by the same signal inst_i[5]
Warning (13012): Latch ex:inst3|rd_data_o[26] has unsafe behavior File: D:/intelFPGA_lite/17.1/MCU/rwRAM/ex.v Line: 39
    Warning (13013): Ports D and ENA on the latch are fed by the same signal inst_i[5]
Warning (13012): Latch ex:inst3|rd_data_o[25] has unsafe behavior File: D:/intelFPGA_lite/17.1/MCU/rwRAM/ex.v Line: 39
    Warning (13013): Ports D and ENA on the latch are fed by the same signal inst_i[5]
Warning (13012): Latch ex:inst3|rd_data_o[24] has unsafe behavior File: D:/intelFPGA_lite/17.1/MCU/rwRAM/ex.v Line: 39
    Warning (13013): Ports D and ENA on the latch are fed by the same signal inst_i[5]
Warning (13012): Latch ex:inst3|rd_data_o[23] has unsafe behavior File: D:/intelFPGA_lite/17.1/MCU/rwRAM/ex.v Line: 39
    Warning (13013): Ports D and ENA on the latch are fed by the same signal inst_i[5]
Warning (13012): Latch ex:inst3|rd_data_o[22] has unsafe behavior File: D:/intelFPGA_lite/17.1/MCU/rwRAM/ex.v Line: 39
    Warning (13013): Ports D and ENA on the latch are fed by the same signal inst_i[5]
Warning (13012): Latch ex:inst3|rd_data_o[21] has unsafe behavior File: D:/intelFPGA_lite/17.1/MCU/rwRAM/ex.v Line: 39
    Warning (13013): Ports D and ENA on the latch are fed by the same signal inst_i[5]
Warning (13012): Latch ex:inst3|rd_data_o[20] has unsafe behavior File: D:/intelFPGA_lite/17.1/MCU/rwRAM/ex.v Line: 39
    Warning (13013): Ports D and ENA on the latch are fed by the same signal inst_i[5]
Warning (13012): Latch ex:inst3|rd_data_o[19] has unsafe behavior File: D:/intelFPGA_lite/17.1/MCU/rwRAM/ex.v Line: 39
    Warning (13013): Ports D and ENA on the latch are fed by the same signal inst_i[5]
Warning (13012): Latch ex:inst3|rd_data_o[18] has unsafe behavior File: D:/intelFPGA_lite/17.1/MCU/rwRAM/ex.v Line: 39
    Warning (13013): Ports D and ENA on the latch are fed by the same signal inst_i[5]
Warning (13012): Latch ex:inst3|rd_data_o[17] has unsafe behavior File: D:/intelFPGA_lite/17.1/MCU/rwRAM/ex.v Line: 39
    Warning (13013): Ports D and ENA on the latch are fed by the same signal inst_i[5]
Warning (13012): Latch ex:inst3|rd_data_o[16] has unsafe behavior File: D:/intelFPGA_lite/17.1/MCU/rwRAM/ex.v Line: 39
    Warning (13013): Ports D and ENA on the latch are fed by the same signal inst_i[5]
Warning (13012): Latch ex:inst3|rd_data_o[15] has unsafe behavior File: D:/intelFPGA_lite/17.1/MCU/rwRAM/ex.v Line: 39
    Warning (13013): Ports D and ENA on the latch are fed by the same signal inst_i[5]
Warning (13012): Latch ex:inst3|rd_data_o[14] has unsafe behavior File: D:/intelFPGA_lite/17.1/MCU/rwRAM/ex.v Line: 39
    Warning (13013): Ports D and ENA on the latch are fed by the same signal inst_i[5]
Warning (13012): Latch ex:inst3|rd_data_o[13] has unsafe behavior File: D:/intelFPGA_lite/17.1/MCU/rwRAM/ex.v Line: 39
    Warning (13013): Ports D and ENA on the latch are fed by the same signal inst_i[5]
Warning (13012): Latch ex:inst3|rd_data_o[12] has unsafe behavior File: D:/intelFPGA_lite/17.1/MCU/rwRAM/ex.v Line: 39
    Warning (13013): Ports D and ENA on the latch are fed by the same signal inst_i[5]
Warning (13012): Latch ex:inst3|rd_data_o[11] has unsafe behavior File: D:/intelFPGA_lite/17.1/MCU/rwRAM/ex.v Line: 39
    Warning (13013): Ports D and ENA on the latch are fed by the same signal inst_i[5]
Warning (13012): Latch ex:inst3|rd_data_o[10] has unsafe behavior File: D:/intelFPGA_lite/17.1/MCU/rwRAM/ex.v Line: 39
    Warning (13013): Ports D and ENA on the latch are fed by the same signal inst_i[5]
Warning (13012): Latch ex:inst3|rd_data_o[9] has unsafe behavior File: D:/intelFPGA_lite/17.1/MCU/rwRAM/ex.v Line: 39
    Warning (13013): Ports D and ENA on the latch are fed by the same signal inst_i[5]
Warning (13012): Latch ex:inst3|rd_data_o[8] has unsafe behavior File: D:/intelFPGA_lite/17.1/MCU/rwRAM/ex.v Line: 39
    Warning (13013): Ports D and ENA on the latch are fed by the same signal inst_i[5]
Warning (13012): Latch ex:inst3|rd_data_o[7] has unsafe behavior File: D:/intelFPGA_lite/17.1/MCU/rwRAM/ex.v Line: 39
    Warning (13013): Ports D and ENA on the latch are fed by the same signal inst_i[5]
Warning (13012): Latch ex:inst3|rd_data_o[6] has unsafe behavior File: D:/intelFPGA_lite/17.1/MCU/rwRAM/ex.v Line: 39
    Warning (13013): Ports D and ENA on the latch are fed by the same signal inst_i[5]
Warning (13012): Latch ex:inst3|rd_data_o[5] has unsafe behavior File: D:/intelFPGA_lite/17.1/MCU/rwRAM/ex.v Line: 39
    Warning (13013): Ports D and ENA on the latch are fed by the same signal inst_i[5]
Warning (13012): Latch ex:inst3|rd_data_o[4] has unsafe behavior File: D:/intelFPGA_lite/17.1/MCU/rwRAM/ex.v Line: 39
    Warning (13013): Ports D and ENA on the latch are fed by the same signal inst_i[5]
Warning (13012): Latch ex:inst3|rd_data_o[3] has unsafe behavior File: D:/intelFPGA_lite/17.1/MCU/rwRAM/ex.v Line: 39
    Warning (13013): Ports D and ENA on the latch are fed by the same signal inst_i[5]
Warning (13012): Latch ex:inst3|rd_data_o[2] has unsafe behavior File: D:/intelFPGA_lite/17.1/MCU/rwRAM/ex.v Line: 39
    Warning (13013): Ports D and ENA on the latch are fed by the same signal inst_i[5]
Warning (13012): Latch ex:inst3|rd_data_o[1] has unsafe behavior File: D:/intelFPGA_lite/17.1/MCU/rwRAM/ex.v Line: 39
    Warning (13013): Ports D and ENA on the latch are fed by the same signal inst_i[5]
Warning (13012): Latch ex:inst3|rd_data_o[0] has unsafe behavior File: D:/intelFPGA_lite/17.1/MCU/rwRAM/ex.v Line: 39
    Warning (13013): Ports D and ENA on the latch are fed by the same signal inst_i[5]
Warning (13012): Latch inst_id:inst|rs1_addr_o[4] has unsafe behavior File: D:/intelFPGA_lite/17.1/MCU/rwRAM/inst_id.v Line: 33
    Warning (13013): Ports D and ENA on the latch are fed by the same signal inst_i[3]
Warning (13012): Latch ex:inst3|rd_write_en has unsafe behavior File: D:/intelFPGA_lite/17.1/MCU/rwRAM/ex.v Line: 9
    Warning (13013): Ports D and ENA on the latch are fed by the same signal inst_i[6]
Warning (13012): Latch inst_id:inst|rs1_addr_o[0] has unsafe behavior File: D:/intelFPGA_lite/17.1/MCU/rwRAM/inst_id.v Line: 33
    Warning (13013): Ports D and ENA on the latch are fed by the same signal inst_i[3]
Warning (13012): Latch ex:inst3|rd_addr_o[0] has unsafe behavior File: D:/intelFPGA_lite/17.1/MCU/rwRAM/ex.v Line: 39
    Warning (13013): Ports D and ENA on the latch are fed by the same signal inst_i[6]
Warning (13012): Latch inst_id:inst|rs1_addr_o[1] has unsafe behavior File: D:/intelFPGA_lite/17.1/MCU/rwRAM/inst_id.v Line: 33
    Warning (13013): Ports D and ENA on the latch are fed by the same signal inst_i[3]
Warning (13012): Latch ex:inst3|rd_addr_o[1] has unsafe behavior File: D:/intelFPGA_lite/17.1/MCU/rwRAM/ex.v Line: 39
    Warning (13013): Ports D and ENA on the latch are fed by the same signal inst_i[6]
Warning (13012): Latch inst_id:inst|rs1_addr_o[2] has unsafe behavior File: D:/intelFPGA_lite/17.1/MCU/rwRAM/inst_id.v Line: 33
    Warning (13013): Ports D and ENA on the latch are fed by the same signal inst_i[3]
Warning (13012): Latch ex:inst3|rd_addr_o[2] has unsafe behavior File: D:/intelFPGA_lite/17.1/MCU/rwRAM/ex.v Line: 39
    Warning (13013): Ports D and ENA on the latch are fed by the same signal inst_i[6]
Warning (13012): Latch inst_id:inst|rs1_addr_o[3] has unsafe behavior File: D:/intelFPGA_lite/17.1/MCU/rwRAM/inst_id.v Line: 33
    Warning (13013): Ports D and ENA on the latch are fed by the same signal inst_i[3]
Warning (13012): Latch ex:inst3|rd_addr_o[3] has unsafe behavior File: D:/intelFPGA_lite/17.1/MCU/rwRAM/ex.v Line: 39
    Warning (13013): Ports D and ENA on the latch are fed by the same signal inst_i[6]
Warning (13012): Latch ex:inst3|rd_addr_o[4] has unsafe behavior File: D:/intelFPGA_lite/17.1/MCU/rwRAM/ex.v Line: 39
    Warning (13013): Ports D and ENA on the latch are fed by the same signal inst_i[6]
Warning (13012): Latch inst_id:inst|rs2_addr_o[4] has unsafe behavior File: D:/intelFPGA_lite/17.1/MCU/rwRAM/inst_id.v Line: 33
    Warning (13013): Ports D and ENA on the latch are fed by the same signal inst_i[6]
Warning (13012): Latch inst_id:inst|rs2_addr_o[0] has unsafe behavior File: D:/intelFPGA_lite/17.1/MCU/rwRAM/inst_id.v Line: 33
    Warning (13013): Ports D and ENA on the latch are fed by the same signal inst_i[6]
Warning (13012): Latch inst_id:inst|rs2_addr_o[1] has unsafe behavior File: D:/intelFPGA_lite/17.1/MCU/rwRAM/inst_id.v Line: 33
    Warning (13013): Ports D and ENA on the latch are fed by the same signal inst_i[6]
Warning (13012): Latch inst_id:inst|rs2_addr_o[2] has unsafe behavior File: D:/intelFPGA_lite/17.1/MCU/rwRAM/inst_id.v Line: 33
    Warning (13013): Ports D and ENA on the latch are fed by the same signal inst_i[6]
Warning (13012): Latch inst_id:inst|rs2_addr_o[3] has unsafe behavior File: D:/intelFPGA_lite/17.1/MCU/rwRAM/inst_id.v Line: 33
    Warning (13013): Ports D and ENA on the latch are fed by the same signal inst_i[6]
Warning (13024): Output pins are stuck at VCC or GND
    Warning (13410): Pin "inst_addr_o[31]" is stuck at GND
    Warning (13410): Pin "inst_addr_o[30]" is stuck at GND
    Warning (13410): Pin "inst_addr_o[29]" is stuck at GND
    Warning (13410): Pin "inst_addr_o[28]" is stuck at GND
    Warning (13410): Pin "inst_addr_o[27]" is stuck at GND
    Warning (13410): Pin "inst_addr_o[26]" is stuck at GND
    Warning (13410): Pin "inst_addr_o[25]" is stuck at GND
    Warning (13410): Pin "inst_addr_o[24]" is stuck at GND
    Warning (13410): Pin "inst_addr_o[23]" is stuck at GND
    Warning (13410): Pin "inst_addr_o[22]" is stuck at GND
    Warning (13410): Pin "inst_addr_o[21]" is stuck at GND
    Warning (13410): Pin "inst_addr_o[20]" is stuck at GND
    Warning (13410): Pin "inst_addr_o[19]" is stuck at GND
    Warning (13410): Pin "inst_addr_o[18]" is stuck at GND
    Warning (13410): Pin "inst_addr_o[17]" is stuck at GND
    Warning (13410): Pin "inst_addr_o[16]" is stuck at GND
    Warning (13410): Pin "inst_addr_o[15]" is stuck at GND
    Warning (13410): Pin "inst_addr_o[14]" is stuck at GND
    Warning (13410): Pin "inst_addr_o[13]" is stuck at GND
    Warning (13410): Pin "inst_addr_o[12]" is stuck at GND
    Warning (13410): Pin "inst_addr_o[11]" is stuck at GND
    Warning (13410): Pin "inst_addr_o[10]" is stuck at GND
    Warning (13410): Pin "inst_addr_o[9]" is stuck at GND
    Warning (13410): Pin "inst_addr_o[8]" is stuck at GND
    Warning (13410): Pin "inst_addr_o[7]" is stuck at GND
    Warning (13410): Pin "inst_addr_o[6]" is stuck at GND
    Warning (13410): Pin "inst_addr_o[5]" is stuck at GND
    Warning (13410): Pin "inst_addr_o[4]" is stuck at GND
    Warning (13410): Pin "inst_addr_o[3]" is stuck at GND
    Warning (13410): Pin "inst_addr_o[2]" is stuck at GND
    Warning (13410): Pin "inst_addr_o[1]" is stuck at GND
    Warning (13410): Pin "inst_addr_o[0]" is stuck at GND
    Warning (13410): Pin "jump_addr_o[31]" is stuck at GND
    Warning (13410): Pin "jump_addr_o[30]" is stuck at GND
    Warning (13410): Pin "jump_addr_o[29]" is stuck at GND
    Warning (13410): Pin "jump_addr_o[28]" is stuck at GND
    Warning (13410): Pin "jump_addr_o[27]" is stuck at GND
    Warning (13410): Pin "jump_addr_o[26]" is stuck at GND
    Warning (13410): Pin "jump_addr_o[25]" is stuck at GND
    Warning (13410): Pin "jump_addr_o[24]" is stuck at GND
    Warning (13410): Pin "jump_addr_o[23]" is stuck at GND
    Warning (13410): Pin "jump_addr_o[22]" is stuck at GND
    Warning (13410): Pin "jump_addr_o[21]" is stuck at GND
    Warning (13410): Pin "jump_addr_o[20]" is stuck at GND
    Warning (13410): Pin "jump_addr_o[19]" is stuck at GND
    Warning (13410): Pin "jump_addr_o[18]" is stuck at GND
    Warning (13410): Pin "jump_addr_o[17]" is stuck at GND
    Warning (13410): Pin "jump_addr_o[16]" is stuck at GND
    Warning (13410): Pin "jump_addr_o[15]" is stuck at GND
    Warning (13410): Pin "jump_addr_o[14]" is stuck at GND
    Warning (13410): Pin "jump_addr_o[13]" is stuck at GND
    Warning (13410): Pin "jump_addr_o[0]" is stuck at GND
Info (286030): Timing-Driven Synthesis is running
Info (16010): Generating hard_block partition "hard_block:auto_generated_inst"
    Info (16011): Adding 0 node(s), including 0 DDIO, 0 PLL, 0 transceiver and 0 LCELL
Info (21057): Implemented 2421 device resources after synthesis - the final resource count might be different
    Info (21058): Implemented 34 input pins
    Info (21059): Implemented 271 output pins
    Info (21061): Implemented 2116 logic cells
Info: Quartus Prime Analysis & Synthesis was successful. 0 errors, 333 warnings
    Info: Peak virtual memory: 4879 megabytes
    Info: Processing ended: Sat Apr 30 23:49:47 2022
    Info: Elapsed time: 00:00:14
    Info: Total CPU time (on all processors): 00:00:33


